The system is: Linux - 3.4.63-2.44-default - i686
Compiling the C compiler identification source file "CMakeCCompilerId.c" succeeded.
Compiler: /usr/bin/cc 
Build flags: 
Id flags: 

The output was:
0


Compilation of the C compiler identification source "CMakeCCompilerId.c" produced "a.out"

The C compiler identification is GNU, found in "/home/thomas/Documents/Projects/Step_crack_dg_with_Prashant/CMakeFiles/3.2.3/CompilerIdC/a.out"

Compiling the CXX compiler identification source file "CMakeCXXCompilerId.cpp" succeeded.
Compiler: /usr/bin/c++ 
Build flags: -pedantic;-fpic;-Wall;-Wpointer-arith;-Wwrite-strings;-Wsynth;-Wsign-compare;-Wswitch;-Wno-unused-local-typedefs;-Wno-long-long;;;-std=c++11;-Wno-parentheses;-Wno-long-long;-Wno-unused;-Wno-extra;-Wno-overloaded-virtual
Id flags: 

The output was:
0


Compilation of the CXX compiler identification source "CMakeCXXCompilerId.cpp" produced "a.out"

The CXX compiler identification is GNU, found in "/home/thomas/Documents/Projects/Step_crack_dg_with_Prashant/CMakeFiles/3.2.3/CompilerIdCXX/a.out"

Determining if the C compiler works passed with the following output:
Change Dir: /home/thomas/Documents/Projects/Step_crack_dg_with_Prashant/CMakeFiles/CMakeTmp

Run Build Command:"/usr/bin/gmake" "cmTryCompileExec1143449047/fast"
/usr/bin/gmake -f CMakeFiles/cmTryCompileExec1143449047.dir/build.make CMakeFiles/cmTryCompileExec1143449047.dir/build
gmake[1]: Entering directory `/home/thomas/Documents/Projects/Step_crack_dg_with_Prashant/CMakeFiles/CMakeTmp'
/usr/local/bin/cmake -E cmake_progress_report /home/thomas/Documents/Projects/Step_crack_dg_with_Prashant/CMakeFiles/CMakeTmp/CMakeFiles 1
Building C object CMakeFiles/cmTryCompileExec1143449047.dir/testCCompiler.c.o
/usr/bin/cc    -o CMakeFiles/cmTryCompileExec1143449047.dir/testCCompiler.c.o   -c /home/thomas/Documents/Projects/Step_crack_dg_with_Prashant/CMakeFiles/CMakeTmp/testCCompiler.c
Linking C executable cmTryCompileExec1143449047
/usr/local/bin/cmake -E cmake_link_script CMakeFiles/cmTryCompileExec1143449047.dir/link.txt --verbose=1
/usr/bin/cc       CMakeFiles/cmTryCompileExec1143449047.dir/testCCompiler.c.o  -o cmTryCompileExec1143449047 -rdynamic 
gmake[1]: Leaving directory `/home/thomas/Documents/Projects/Step_crack_dg_with_Prashant/CMakeFiles/CMakeTmp'


Detecting C compiler ABI info compiled with the following output:
Change Dir: /home/thomas/Documents/Projects/Step_crack_dg_with_Prashant/CMakeFiles/CMakeTmp

Run Build Command:"/usr/bin/gmake" "cmTryCompileExec1671975201/fast"
/usr/bin/gmake -f CMakeFiles/cmTryCompileExec1671975201.dir/build.make CMakeFiles/cmTryCompileExec1671975201.dir/build
gmake[1]: Entering directory `/home/thomas/Documents/Projects/Step_crack_dg_with_Prashant/CMakeFiles/CMakeTmp'
/usr/local/bin/cmake -E cmake_progress_report /home/thomas/Documents/Projects/Step_crack_dg_with_Prashant/CMakeFiles/CMakeTmp/CMakeFiles 1
Building C object CMakeFiles/cmTryCompileExec1671975201.dir/CMakeCCompilerABI.c.o
/usr/bin/cc    -o CMakeFiles/cmTryCompileExec1671975201.dir/CMakeCCompilerABI.c.o   -c /usr/local/share/cmake-3.2/Modules/CMakeCCompilerABI.c
Linking C executable cmTryCompileExec1671975201
/usr/local/bin/cmake -E cmake_link_script CMakeFiles/cmTryCompileExec1671975201.dir/link.txt --verbose=1
/usr/bin/cc      -v CMakeFiles/cmTryCompileExec1671975201.dir/CMakeCCompilerABI.c.o  -o cmTryCompileExec1671975201 -rdynamic  
Using built-in specs.
COLLECT_GCC=/usr/bin/cc
COLLECT_LTO_WRAPPER=/usr/lib/gcc/i586-suse-linux/4.7/lto-wrapper
Target: i586-suse-linux
Configured with: ../configure --prefix=/usr --infodir=/usr/share/info --mandir=/usr/share/man --libdir=/usr/lib --libexecdir=/usr/lib --enable-languages=c,c++,objc,fortran,obj-c++,java,ada --enable-checking=release --with-gxx-include-dir=/usr/include/c++/4.7 --enable-ssp --disable-libssp --disable-libitm --disable-plugin --with-bugurl=http://bugs.opensuse.org/ --with-pkgversion='SUSE Linux' --disable-libgcj --disable-libmudflap --with-slibdir=/lib --with-system-zlib --enable-__cxa_atexit --enable-libstdcxx-allocator=new --disable-libstdcxx-pch --enable-version-specific-runtime-libs --enable-linker-build-id --program-suffix=-4.7 --enable-linux-futex --without-system-libunwind --with-arch-32=i586 --with-tune=generic --build=i586-suse-linux
Thread model: posix
gcc version 4.7.1 20120723 [gcc-4_7-branch revision 189773] (SUSE Linux) 
COMPILER_PATH=/usr/lib/gcc/i586-suse-linux/4.7/:/usr/lib/gcc/i586-suse-linux/4.7/:/usr/lib/gcc/i586-suse-linux/:/usr/lib/gcc/i586-suse-linux/4.7/:/usr/lib/gcc/i586-suse-linux/:/usr/lib/gcc/i586-suse-linux/4.7/../../../../i586-suse-linux/bin/
LIBRARY_PATH=/usr/lib/gcc/i586-suse-linux/4.7/:/usr/lib/gcc/i586-suse-linux/4.7/../../../../i586-suse-linux/lib/:/usr/lib/gcc/i586-suse-linux/4.7/../../../:/lib/:/usr/lib/
COLLECT_GCC_OPTIONS='-v' '-o' 'cmTryCompileExec1671975201' '-rdynamic' '-mtune=generic' '-march=i586'
 /usr/lib/gcc/i586-suse-linux/4.7/collect2 --build-id --eh-frame-hdr -m elf_i386 -export-dynamic -dynamic-linker /lib/ld-linux.so.2 -o cmTryCompileExec1671975201 /usr/lib/gcc/i586-suse-linux/4.7/../../../crt1.o /usr/lib/gcc/i586-suse-linux/4.7/../../../crti.o /usr/lib/gcc/i586-suse-linux/4.7/crtbegin.o -L/usr/lib/gcc/i586-suse-linux/4.7 -L/usr/lib/gcc/i586-suse-linux/4.7/../../../../i586-suse-linux/lib -L/usr/lib/gcc/i586-suse-linux/4.7/../../.. CMakeFiles/cmTryCompileExec1671975201.dir/CMakeCCompilerABI.c.o -lgcc --as-needed -lgcc_s --no-as-needed -lc -lgcc --as-needed -lgcc_s --no-as-needed /usr/lib/gcc/i586-suse-linux/4.7/crtend.o /usr/lib/gcc/i586-suse-linux/4.7/../../../crtn.o
gmake[1]: Leaving directory `/home/thomas/Documents/Projects/Step_crack_dg_with_Prashant/CMakeFiles/CMakeTmp'


Parsed C implicit link information from above output:
  link line regex: [^( *|.*[/\])(ld|([^/\]+-)?ld|collect2)[^/\]*( |$)]
  ignore line: [Change Dir: /home/thomas/Documents/Projects/Step_crack_dg_with_Prashant/CMakeFiles/CMakeTmp]
  ignore line: []
  ignore line: [Run Build Command:"/usr/bin/gmake" "cmTryCompileExec1671975201/fast"]
  ignore line: [/usr/bin/gmake -f CMakeFiles/cmTryCompileExec1671975201.dir/build.make CMakeFiles/cmTryCompileExec1671975201.dir/build]
  ignore line: [gmake[1]: Entering directory `/home/thomas/Documents/Projects/Step_crack_dg_with_Prashant/CMakeFiles/CMakeTmp']
  ignore line: [/usr/local/bin/cmake -E cmake_progress_report /home/thomas/Documents/Projects/Step_crack_dg_with_Prashant/CMakeFiles/CMakeTmp/CMakeFiles 1]
  ignore line: [Building C object CMakeFiles/cmTryCompileExec1671975201.dir/CMakeCCompilerABI.c.o]
  ignore line: [/usr/bin/cc    -o CMakeFiles/cmTryCompileExec1671975201.dir/CMakeCCompilerABI.c.o   -c /usr/local/share/cmake-3.2/Modules/CMakeCCompilerABI.c]
  ignore line: [Linking C executable cmTryCompileExec1671975201]
  ignore line: [/usr/local/bin/cmake -E cmake_link_script CMakeFiles/cmTryCompileExec1671975201.dir/link.txt --verbose=1]
  ignore line: [/usr/bin/cc      -v CMakeFiles/cmTryCompileExec1671975201.dir/CMakeCCompilerABI.c.o  -o cmTryCompileExec1671975201 -rdynamic  ]
  ignore line: [Using built-in specs.]
  ignore line: [COLLECT_GCC=/usr/bin/cc]
  ignore line: [COLLECT_LTO_WRAPPER=/usr/lib/gcc/i586-suse-linux/4.7/lto-wrapper]
  ignore line: [Target: i586-suse-linux]
  ignore line: [Configured with: ../configure --prefix=/usr --infodir=/usr/share/info --mandir=/usr/share/man --libdir=/usr/lib --libexecdir=/usr/lib --enable-languages=c,c++,objc,fortran,obj-c++,java,ada --enable-checking=release --with-gxx-include-dir=/usr/include/c++/4.7 --enable-ssp --disable-libssp --disable-libitm --disable-plugin --with-bugurl=http://bugs.opensuse.org/ --with-pkgversion='SUSE Linux' --disable-libgcj --disable-libmudflap --with-slibdir=/lib --with-system-zlib --enable-__cxa_atexit --enable-libstdcxx-allocator=new --disable-libstdcxx-pch --enable-version-specific-runtime-libs --enable-linker-build-id --program-suffix=-4.7 --enable-linux-futex --without-system-libunwind --with-arch-32=i586 --with-tune=generic --build=i586-suse-linux]
  ignore line: [Thread model: posix]
  ignore line: [gcc version 4.7.1 20120723 [gcc-4_7-branch revision 189773] (SUSE Linux) ]
  ignore line: [COMPILER_PATH=/usr/lib/gcc/i586-suse-linux/4.7/:/usr/lib/gcc/i586-suse-linux/4.7/:/usr/lib/gcc/i586-suse-linux/:/usr/lib/gcc/i586-suse-linux/4.7/:/usr/lib/gcc/i586-suse-linux/:/usr/lib/gcc/i586-suse-linux/4.7/../../../../i586-suse-linux/bin/]
  ignore line: [LIBRARY_PATH=/usr/lib/gcc/i586-suse-linux/4.7/:/usr/lib/gcc/i586-suse-linux/4.7/../../../../i586-suse-linux/lib/:/usr/lib/gcc/i586-suse-linux/4.7/../../../:/lib/:/usr/lib/]
  ignore line: [COLLECT_GCC_OPTIONS='-v' '-o' 'cmTryCompileExec1671975201' '-rdynamic' '-mtune=generic' '-march=i586']
  link line: [ /usr/lib/gcc/i586-suse-linux/4.7/collect2 --build-id --eh-frame-hdr -m elf_i386 -export-dynamic -dynamic-linker /lib/ld-linux.so.2 -o cmTryCompileExec1671975201 /usr/lib/gcc/i586-suse-linux/4.7/../../../crt1.o /usr/lib/gcc/i586-suse-linux/4.7/../../../crti.o /usr/lib/gcc/i586-suse-linux/4.7/crtbegin.o -L/usr/lib/gcc/i586-suse-linux/4.7 -L/usr/lib/gcc/i586-suse-linux/4.7/../../../../i586-suse-linux/lib -L/usr/lib/gcc/i586-suse-linux/4.7/../../.. CMakeFiles/cmTryCompileExec1671975201.dir/CMakeCCompilerABI.c.o -lgcc --as-needed -lgcc_s --no-as-needed -lc -lgcc --as-needed -lgcc_s --no-as-needed /usr/lib/gcc/i586-suse-linux/4.7/crtend.o /usr/lib/gcc/i586-suse-linux/4.7/../../../crtn.o]
    arg [/usr/lib/gcc/i586-suse-linux/4.7/collect2] ==> ignore
    arg [--build-id] ==> ignore
    arg [--eh-frame-hdr] ==> ignore
    arg [-m] ==> ignore
    arg [elf_i386] ==> ignore
    arg [-export-dynamic] ==> ignore
    arg [-dynamic-linker] ==> ignore
    arg [/lib/ld-linux.so.2] ==> ignore
    arg [-o] ==> ignore
    arg [cmTryCompileExec1671975201] ==> ignore
    arg [/usr/lib/gcc/i586-suse-linux/4.7/../../../crt1.o] ==> ignore
    arg [/usr/lib/gcc/i586-suse-linux/4.7/../../../crti.o] ==> ignore
    arg [/usr/lib/gcc/i586-suse-linux/4.7/crtbegin.o] ==> ignore
    arg [-L/usr/lib/gcc/i586-suse-linux/4.7] ==> dir [/usr/lib/gcc/i586-suse-linux/4.7]
    arg [-L/usr/lib/gcc/i586-suse-linux/4.7/../../../../i586-suse-linux/lib] ==> dir [/usr/lib/gcc/i586-suse-linux/4.7/../../../../i586-suse-linux/lib]
    arg [-L/usr/lib/gcc/i586-suse-linux/4.7/../../..] ==> dir [/usr/lib/gcc/i586-suse-linux/4.7/../../..]
    arg [CMakeFiles/cmTryCompileExec1671975201.dir/CMakeCCompilerABI.c.o] ==> ignore
    arg [-lgcc] ==> lib [gcc]
    arg [--as-needed] ==> ignore
    arg [-lgcc_s] ==> lib [gcc_s]
    arg [--no-as-needed] ==> ignore
    arg [-lc] ==> lib [c]
    arg [-lgcc] ==> lib [gcc]
    arg [--as-needed] ==> ignore
    arg [-lgcc_s] ==> lib [gcc_s]
    arg [--no-as-needed] ==> ignore
    arg [/usr/lib/gcc/i586-suse-linux/4.7/crtend.o] ==> ignore
    arg [/usr/lib/gcc/i586-suse-linux/4.7/../../../crtn.o] ==> ignore
  remove lib [gcc]
  remove lib [gcc_s]
  remove lib [gcc]
  remove lib [gcc_s]
  collapse library dir [/usr/lib/gcc/i586-suse-linux/4.7] ==> [/usr/lib/gcc/i586-suse-linux/4.7]
  collapse library dir [/usr/lib/gcc/i586-suse-linux/4.7/../../../../i586-suse-linux/lib] ==> [/usr/i586-suse-linux/lib]
  collapse library dir [/usr/lib/gcc/i586-suse-linux/4.7/../../..] ==> [/usr/lib]
  implicit libs: [c]
  implicit dirs: [/usr/lib/gcc/i586-suse-linux/4.7;/usr/i586-suse-linux/lib;/usr/lib]
  implicit fwks: []




Detecting C [-std=c11] compiler features compiled with the following output:
Change Dir: /home/thomas/Documents/Projects/Step_crack_dg_with_Prashant/CMakeFiles/CMakeTmp

Run Build Command:"/usr/bin/gmake" "cmTryCompileExec4075998338/fast"
/usr/bin/gmake -f CMakeFiles/cmTryCompileExec4075998338.dir/build.make CMakeFiles/cmTryCompileExec4075998338.dir/build
gmake[1]: Entering directory `/home/thomas/Documents/Projects/Step_crack_dg_with_Prashant/CMakeFiles/CMakeTmp'
/usr/local/bin/cmake -E cmake_progress_report /home/thomas/Documents/Projects/Step_crack_dg_with_Prashant/CMakeFiles/CMakeTmp/CMakeFiles 1
Building C object CMakeFiles/cmTryCompileExec4075998338.dir/feature_tests.c.o
/usr/bin/cc   -std=c11 -o CMakeFiles/cmTryCompileExec4075998338.dir/feature_tests.c.o   -c /home/thomas/Documents/Projects/Step_crack_dg_with_Prashant/CMakeFiles/feature_tests.c
Linking C executable cmTryCompileExec4075998338
/usr/local/bin/cmake -E cmake_link_script CMakeFiles/cmTryCompileExec4075998338.dir/link.txt --verbose=1
/usr/bin/cc       CMakeFiles/cmTryCompileExec4075998338.dir/feature_tests.c.o  -o cmTryCompileExec4075998338 -rdynamic 
gmake[1]: Leaving directory `/home/thomas/Documents/Projects/Step_crack_dg_with_Prashant/CMakeFiles/CMakeTmp'


    Feature record: C_FEATURE:1c_function_prototypes
    Feature record: C_FEATURE:1c_restrict
    Feature record: C_FEATURE:1c_static_assert
    Feature record: C_FEATURE:1c_variadic_macros


Detecting C [-std=c99] compiler features compiled with the following output:
Change Dir: /home/thomas/Documents/Projects/Step_crack_dg_with_Prashant/CMakeFiles/CMakeTmp

Run Build Command:"/usr/bin/gmake" "cmTryCompileExec3073447838/fast"
/usr/bin/gmake -f CMakeFiles/cmTryCompileExec3073447838.dir/build.make CMakeFiles/cmTryCompileExec3073447838.dir/build
gmake[1]: Entering directory `/home/thomas/Documents/Projects/Step_crack_dg_with_Prashant/CMakeFiles/CMakeTmp'
/usr/local/bin/cmake -E cmake_progress_report /home/thomas/Documents/Projects/Step_crack_dg_with_Prashant/CMakeFiles/CMakeTmp/CMakeFiles 1
Building C object CMakeFiles/cmTryCompileExec3073447838.dir/feature_tests.c.o
/usr/bin/cc   -std=c99 -o CMakeFiles/cmTryCompileExec3073447838.dir/feature_tests.c.o   -c /home/thomas/Documents/Projects/Step_crack_dg_with_Prashant/CMakeFiles/feature_tests.c
Linking C executable cmTryCompileExec3073447838
/usr/local/bin/cmake -E cmake_link_script CMakeFiles/cmTryCompileExec3073447838.dir/link.txt --verbose=1
/usr/bin/cc       CMakeFiles/cmTryCompileExec3073447838.dir/feature_tests.c.o  -o cmTryCompileExec3073447838 -rdynamic 
gmake[1]: Leaving directory `/home/thomas/Documents/Projects/Step_crack_dg_with_Prashant/CMakeFiles/CMakeTmp'


    Feature record: C_FEATURE:1c_function_prototypes
    Feature record: C_FEATURE:1c_restrict
    Feature record: C_FEATURE:0c_static_assert
    Feature record: C_FEATURE:1c_variadic_macros


Detecting C [-std=c90] compiler features compiled with the following output:
Change Dir: /home/thomas/Documents/Projects/Step_crack_dg_with_Prashant/CMakeFiles/CMakeTmp

Run Build Command:"/usr/bin/gmake" "cmTryCompileExec544444780/fast"
/usr/bin/gmake -f CMakeFiles/cmTryCompileExec544444780.dir/build.make CMakeFiles/cmTryCompileExec544444780.dir/build
gmake[1]: Entering directory `/home/thomas/Documents/Projects/Step_crack_dg_with_Prashant/CMakeFiles/CMakeTmp'
/usr/local/bin/cmake -E cmake_progress_report /home/thomas/Documents/Projects/Step_crack_dg_with_Prashant/CMakeFiles/CMakeTmp/CMakeFiles 1
Building C object CMakeFiles/cmTryCompileExec544444780.dir/feature_tests.c.o
/usr/bin/cc   -std=c90 -o CMakeFiles/cmTryCompileExec544444780.dir/feature_tests.c.o   -c /home/thomas/Documents/Projects/Step_crack_dg_with_Prashant/CMakeFiles/feature_tests.c
Linking C executable cmTryCompileExec544444780
/usr/local/bin/cmake -E cmake_link_script CMakeFiles/cmTryCompileExec544444780.dir/link.txt --verbose=1
/usr/bin/cc       CMakeFiles/cmTryCompileExec544444780.dir/feature_tests.c.o  -o cmTryCompileExec544444780 -rdynamic 
gmake[1]: Leaving directory `/home/thomas/Documents/Projects/Step_crack_dg_with_Prashant/CMakeFiles/CMakeTmp'


    Feature record: C_FEATURE:1c_function_prototypes
    Feature record: C_FEATURE:0c_restrict
    Feature record: C_FEATURE:0c_static_assert
    Feature record: C_FEATURE:0c_variadic_macros
Determining if the CXX compiler works passed with the following output:
Change Dir: /home/thomas/Documents/Projects/Step_crack_dg_with_Prashant/CMakeFiles/CMakeTmp

Run Build Command:"/usr/bin/gmake" "cmTryCompileExec2418236425/fast"
/usr/bin/gmake -f CMakeFiles/cmTryCompileExec2418236425.dir/build.make CMakeFiles/cmTryCompileExec2418236425.dir/build
gmake[1]: Entering directory `/home/thomas/Documents/Projects/Step_crack_dg_with_Prashant/CMakeFiles/CMakeTmp'
/usr/local/bin/cmake -E cmake_progress_report /home/thomas/Documents/Projects/Step_crack_dg_with_Prashant/CMakeFiles/CMakeTmp/CMakeFiles 1
Building CXX object CMakeFiles/cmTryCompileExec2418236425.dir/testCXXCompiler.cxx.o
/usr/bin/c++    -pedantic -fpic -Wall -Wpointer-arith -Wwrite-strings -Wsynth -Wsign-compare -Wswitch -Wno-unused-local-typedefs -Wno-long-long   -std=c++11 -Wno-parentheses -Wno-long-long -Wno-unused -Wno-extra -Wno-overloaded-virtual    -o CMakeFiles/cmTryCompileExec2418236425.dir/testCXXCompiler.cxx.o -c /home/thomas/Documents/Projects/Step_crack_dg_with_Prashant/CMakeFiles/CMakeTmp/testCXXCompiler.cxx
Linking CXX executable cmTryCompileExec2418236425
/usr/local/bin/cmake -E cmake_link_script CMakeFiles/cmTryCompileExec2418236425.dir/link.txt --verbose=1
/usr/bin/c++   -pedantic -fpic -Wall -Wpointer-arith -Wwrite-strings -Wsynth -Wsign-compare -Wswitch -Wno-unused-local-typedefs -Wno-long-long   -std=c++11 -Wno-parentheses -Wno-long-long -Wno-unused -Wno-extra -Wno-overloaded-virtual     CMakeFiles/cmTryCompileExec2418236425.dir/testCXXCompiler.cxx.o  -o cmTryCompileExec2418236425 -rdynamic 
gmake[1]: Leaving directory `/home/thomas/Documents/Projects/Step_crack_dg_with_Prashant/CMakeFiles/CMakeTmp'


Detecting CXX compiler ABI info compiled with the following output:
Change Dir: /home/thomas/Documents/Projects/Step_crack_dg_with_Prashant/CMakeFiles/CMakeTmp

Run Build Command:"/usr/bin/gmake" "cmTryCompileExec3440136413/fast"
/usr/bin/gmake -f CMakeFiles/cmTryCompileExec3440136413.dir/build.make CMakeFiles/cmTryCompileExec3440136413.dir/build
gmake[1]: Entering directory `/home/thomas/Documents/Projects/Step_crack_dg_with_Prashant/CMakeFiles/CMakeTmp'
/usr/local/bin/cmake -E cmake_progress_report /home/thomas/Documents/Projects/Step_crack_dg_with_Prashant/CMakeFiles/CMakeTmp/CMakeFiles 1
Building CXX object CMakeFiles/cmTryCompileExec3440136413.dir/CMakeCXXCompilerABI.cpp.o
/usr/bin/c++    -pedantic -fpic -Wall -Wpointer-arith -Wwrite-strings -Wsynth -Wsign-compare -Wswitch -Wno-unused-local-typedefs -Wno-long-long   -std=c++11 -Wno-parentheses -Wno-long-long -Wno-unused -Wno-extra -Wno-overloaded-virtual    -o CMakeFiles/cmTryCompileExec3440136413.dir/CMakeCXXCompilerABI.cpp.o -c /usr/local/share/cmake-3.2/Modules/CMakeCXXCompilerABI.cpp
Linking CXX executable cmTryCompileExec3440136413
/usr/local/bin/cmake -E cmake_link_script CMakeFiles/cmTryCompileExec3440136413.dir/link.txt --verbose=1
/usr/bin/c++   -pedantic -fpic -Wall -Wpointer-arith -Wwrite-strings -Wsynth -Wsign-compare -Wswitch -Wno-unused-local-typedefs -Wno-long-long   -std=c++11 -Wno-parentheses -Wno-long-long -Wno-unused -Wno-extra -Wno-overloaded-virtual    -v CMakeFiles/cmTryCompileExec3440136413.dir/CMakeCXXCompilerABI.cpp.o  -o cmTryCompileExec3440136413 -rdynamic  
Using built-in specs.
COLLECT_GCC=/usr/bin/c++
COLLECT_LTO_WRAPPER=/usr/lib/gcc/i586-suse-linux/4.7/lto-wrapper
Target: i586-suse-linux
Configured with: ../configure --prefix=/usr --infodir=/usr/share/info --mandir=/usr/share/man --libdir=/usr/lib --libexecdir=/usr/lib --enable-languages=c,c++,objc,fortran,obj-c++,java,ada --enable-checking=release --with-gxx-include-dir=/usr/include/c++/4.7 --enable-ssp --disable-libssp --disable-libitm --disable-plugin --with-bugurl=http://bugs.opensuse.org/ --with-pkgversion='SUSE Linux' --disable-libgcj --disable-libmudflap --with-slibdir=/lib --with-system-zlib --enable-__cxa_atexit --enable-libstdcxx-allocator=new --disable-libstdcxx-pch --enable-version-specific-runtime-libs --enable-linker-build-id --program-suffix=-4.7 --enable-linux-futex --without-system-libunwind --with-arch-32=i586 --with-tune=generic --build=i586-suse-linux
Thread model: posix
gcc version 4.7.1 20120723 [gcc-4_7-branch revision 189773] (SUSE Linux) 
COMPILER_PATH=/usr/lib/gcc/i586-suse-linux/4.7/:/usr/lib/gcc/i586-suse-linux/4.7/:/usr/lib/gcc/i586-suse-linux/:/usr/lib/gcc/i586-suse-linux/4.7/:/usr/lib/gcc/i586-suse-linux/:/usr/lib/gcc/i586-suse-linux/4.7/../../../../i586-suse-linux/bin/
LIBRARY_PATH=/usr/lib/gcc/i586-suse-linux/4.7/:/usr/lib/gcc/i586-suse-linux/4.7/../../../../i586-suse-linux/lib/:/usr/lib/gcc/i586-suse-linux/4.7/../../../:/lib/:/usr/lib/
COLLECT_GCC_OPTIONS='-pedantic' '-fpic' '-Wall' '-Wpointer-arith' '-Wwrite-strings' '-Wsynth' '-Wsign-compare' '-Wswitch' '-Wno-unused-local-typedefs' '-std=c++11' '-Wno-parentheses' '-Wno-long-long' '-Wno-unused' '-Wno-extra' '-Wno-overloaded-virtual' '-v' '-o' 'cmTryCompileExec3440136413' '-rdynamic' '-shared-libgcc' '-mtune=generic' '-march=i586'
 /usr/lib/gcc/i586-suse-linux/4.7/collect2 --build-id --eh-frame-hdr -m elf_i386 -export-dynamic -dynamic-linker /lib/ld-linux.so.2 -o cmTryCompileExec3440136413 /usr/lib/gcc/i586-suse-linux/4.7/../../../crt1.o /usr/lib/gcc/i586-suse-linux/4.7/../../../crti.o /usr/lib/gcc/i586-suse-linux/4.7/crtbegin.o -L/usr/lib/gcc/i586-suse-linux/4.7 -L/usr/lib/gcc/i586-suse-linux/4.7/../../../../i586-suse-linux/lib -L/usr/lib/gcc/i586-suse-linux/4.7/../../.. CMakeFiles/cmTryCompileExec3440136413.dir/CMakeCXXCompilerABI.cpp.o -lstdc++ -lm -lgcc_s -lgcc -lc -lgcc_s -lgcc /usr/lib/gcc/i586-suse-linux/4.7/crtend.o /usr/lib/gcc/i586-suse-linux/4.7/../../../crtn.o
gmake[1]: Leaving directory `/home/thomas/Documents/Projects/Step_crack_dg_with_Prashant/CMakeFiles/CMakeTmp'


Parsed CXX implicit link information from above output:
  link line regex: [^( *|.*[/\])(ld|([^/\]+-)?ld|collect2)[^/\]*( |$)]
  ignore line: [Change Dir: /home/thomas/Documents/Projects/Step_crack_dg_with_Prashant/CMakeFiles/CMakeTmp]
  ignore line: []
  ignore line: [Run Build Command:"/usr/bin/gmake" "cmTryCompileExec3440136413/fast"]
  ignore line: [/usr/bin/gmake -f CMakeFiles/cmTryCompileExec3440136413.dir/build.make CMakeFiles/cmTryCompileExec3440136413.dir/build]
  ignore line: [gmake[1]: Entering directory `/home/thomas/Documents/Projects/Step_crack_dg_with_Prashant/CMakeFiles/CMakeTmp']
  ignore line: [/usr/local/bin/cmake -E cmake_progress_report /home/thomas/Documents/Projects/Step_crack_dg_with_Prashant/CMakeFiles/CMakeTmp/CMakeFiles 1]
  ignore line: [Building CXX object CMakeFiles/cmTryCompileExec3440136413.dir/CMakeCXXCompilerABI.cpp.o]
  ignore line: [/usr/bin/c++    -pedantic -fpic -Wall -Wpointer-arith -Wwrite-strings -Wsynth -Wsign-compare -Wswitch -Wno-unused-local-typedefs -Wno-long-long   -std=c++11 -Wno-parentheses -Wno-long-long -Wno-unused -Wno-extra -Wno-overloaded-virtual    -o CMakeFiles/cmTryCompileExec3440136413.dir/CMakeCXXCompilerABI.cpp.o -c /usr/local/share/cmake-3.2/Modules/CMakeCXXCompilerABI.cpp]
  ignore line: [Linking CXX executable cmTryCompileExec3440136413]
  ignore line: [/usr/local/bin/cmake -E cmake_link_script CMakeFiles/cmTryCompileExec3440136413.dir/link.txt --verbose=1]
  ignore line: [/usr/bin/c++   -pedantic -fpic -Wall -Wpointer-arith -Wwrite-strings -Wsynth -Wsign-compare -Wswitch -Wno-unused-local-typedefs -Wno-long-long   -std=c++11 -Wno-parentheses -Wno-long-long -Wno-unused -Wno-extra -Wno-overloaded-virtual    -v CMakeFiles/cmTryCompileExec3440136413.dir/CMakeCXXCompilerABI.cpp.o  -o cmTryCompileExec3440136413 -rdynamic  ]
  ignore line: [Using built-in specs.]
  ignore line: [COLLECT_GCC=/usr/bin/c++]
  ignore line: [COLLECT_LTO_WRAPPER=/usr/lib/gcc/i586-suse-linux/4.7/lto-wrapper]
  ignore line: [Target: i586-suse-linux]
  ignore line: [Configured with: ../configure --prefix=/usr --infodir=/usr/share/info --mandir=/usr/share/man --libdir=/usr/lib --libexecdir=/usr/lib --enable-languages=c,c++,objc,fortran,obj-c++,java,ada --enable-checking=release --with-gxx-include-dir=/usr/include/c++/4.7 --enable-ssp --disable-libssp --disable-libitm --disable-plugin --with-bugurl=http://bugs.opensuse.org/ --with-pkgversion='SUSE Linux' --disable-libgcj --disable-libmudflap --with-slibdir=/lib --with-system-zlib --enable-__cxa_atexit --enable-libstdcxx-allocator=new --disable-libstdcxx-pch --enable-version-specific-runtime-libs --enable-linker-build-id --program-suffix=-4.7 --enable-linux-futex --without-system-libunwind --with-arch-32=i586 --with-tune=generic --build=i586-suse-linux]
  ignore line: [Thread model: posix]
  ignore line: [gcc version 4.7.1 20120723 [gcc-4_7-branch revision 189773] (SUSE Linux) ]
  ignore line: [COMPILER_PATH=/usr/lib/gcc/i586-suse-linux/4.7/:/usr/lib/gcc/i586-suse-linux/4.7/:/usr/lib/gcc/i586-suse-linux/:/usr/lib/gcc/i586-suse-linux/4.7/:/usr/lib/gcc/i586-suse-linux/:/usr/lib/gcc/i586-suse-linux/4.7/../../../../i586-suse-linux/bin/]
  ignore line: [LIBRARY_PATH=/usr/lib/gcc/i586-suse-linux/4.7/:/usr/lib/gcc/i586-suse-linux/4.7/../../../../i586-suse-linux/lib/:/usr/lib/gcc/i586-suse-linux/4.7/../../../:/lib/:/usr/lib/]
  ignore line: [COLLECT_GCC_OPTIONS='-pedantic' '-fpic' '-Wall' '-Wpointer-arith' '-Wwrite-strings' '-Wsynth' '-Wsign-compare' '-Wswitch' '-Wno-unused-local-typedefs' '-std=c++11' '-Wno-parentheses' '-Wno-long-long' '-Wno-unused' '-Wno-extra' '-Wno-overloaded-virtual' '-v' '-o' 'cmTryCompileExec3440136413' '-rdynamic' '-shared-libgcc' '-mtune=generic' '-march=i586']
  link line: [ /usr/lib/gcc/i586-suse-linux/4.7/collect2 --build-id --eh-frame-hdr -m elf_i386 -export-dynamic -dynamic-linker /lib/ld-linux.so.2 -o cmTryCompileExec3440136413 /usr/lib/gcc/i586-suse-linux/4.7/../../../crt1.o /usr/lib/gcc/i586-suse-linux/4.7/../../../crti.o /usr/lib/gcc/i586-suse-linux/4.7/crtbegin.o -L/usr/lib/gcc/i586-suse-linux/4.7 -L/usr/lib/gcc/i586-suse-linux/4.7/../../../../i586-suse-linux/lib -L/usr/lib/gcc/i586-suse-linux/4.7/../../.. CMakeFiles/cmTryCompileExec3440136413.dir/CMakeCXXCompilerABI.cpp.o -lstdc++ -lm -lgcc_s -lgcc -lc -lgcc_s -lgcc /usr/lib/gcc/i586-suse-linux/4.7/crtend.o /usr/lib/gcc/i586-suse-linux/4.7/../../../crtn.o]
    arg [/usr/lib/gcc/i586-suse-linux/4.7/collect2] ==> ignore
    arg [--build-id] ==> ignore
    arg [--eh-frame-hdr] ==> ignore
    arg [-m] ==> ignore
    arg [elf_i386] ==> ignore
    arg [-export-dynamic] ==> ignore
    arg [-dynamic-linker] ==> ignore
    arg [/lib/ld-linux.so.2] ==> ignore
    arg [-o] ==> ignore
    arg [cmTryCompileExec3440136413] ==> ignore
    arg [/usr/lib/gcc/i586-suse-linux/4.7/../../../crt1.o] ==> ignore
    arg [/usr/lib/gcc/i586-suse-linux/4.7/../../../crti.o] ==> ignore
    arg [/usr/lib/gcc/i586-suse-linux/4.7/crtbegin.o] ==> ignore
    arg [-L/usr/lib/gcc/i586-suse-linux/4.7] ==> dir [/usr/lib/gcc/i586-suse-linux/4.7]
    arg [-L/usr/lib/gcc/i586-suse-linux/4.7/../../../../i586-suse-linux/lib] ==> dir [/usr/lib/gcc/i586-suse-linux/4.7/../../../../i586-suse-linux/lib]
    arg [-L/usr/lib/gcc/i586-suse-linux/4.7/../../..] ==> dir [/usr/lib/gcc/i586-suse-linux/4.7/../../..]
    arg [CMakeFiles/cmTryCompileExec3440136413.dir/CMakeCXXCompilerABI.cpp.o] ==> ignore
    arg [-lstdc++] ==> lib [stdc++]
    arg [-lm] ==> lib [m]
    arg [-lgcc_s] ==> lib [gcc_s]
    arg [-lgcc] ==> lib [gcc]
    arg [-lc] ==> lib [c]
    arg [-lgcc_s] ==> lib [gcc_s]
    arg [-lgcc] ==> lib [gcc]
    arg [/usr/lib/gcc/i586-suse-linux/4.7/crtend.o] ==> ignore
    arg [/usr/lib/gcc/i586-suse-linux/4.7/../../../crtn.o] ==> ignore
  remove lib [gcc_s]
  remove lib [gcc]
  remove lib [gcc_s]
  remove lib [gcc]
  collapse library dir [/usr/lib/gcc/i586-suse-linux/4.7] ==> [/usr/lib/gcc/i586-suse-linux/4.7]
  collapse library dir [/usr/lib/gcc/i586-suse-linux/4.7/../../../../i586-suse-linux/lib] ==> [/usr/i586-suse-linux/lib]
  collapse library dir [/usr/lib/gcc/i586-suse-linux/4.7/../../..] ==> [/usr/lib]
  implicit libs: [stdc++;m;c]
  implicit dirs: [/usr/lib/gcc/i586-suse-linux/4.7;/usr/i586-suse-linux/lib;/usr/lib]
  implicit fwks: []




Detecting CXX [-std=c++11] compiler features compiled with the following output:
Change Dir: /home/thomas/Documents/Projects/Step_crack_dg_with_Prashant/CMakeFiles/CMakeTmp

Run Build Command:"/usr/bin/gmake" "cmTryCompileExec4076332440/fast"
/usr/bin/gmake -f CMakeFiles/cmTryCompileExec4076332440.dir/build.make CMakeFiles/cmTryCompileExec4076332440.dir/build
gmake[1]: Entering directory `/home/thomas/Documents/Projects/Step_crack_dg_with_Prashant/CMakeFiles/CMakeTmp'
/usr/local/bin/cmake -E cmake_progress_report /home/thomas/Documents/Projects/Step_crack_dg_with_Prashant/CMakeFiles/CMakeTmp/CMakeFiles 1
Building CXX object CMakeFiles/cmTryCompileExec4076332440.dir/feature_tests.cxx.o
/usr/bin/c++    -pedantic -fpic -Wall -Wpointer-arith -Wwrite-strings -Wsynth -Wsign-compare -Wswitch -Wno-unused-local-typedefs -Wno-long-long   -std=c++11 -Wno-parentheses -Wno-long-long -Wno-unused -Wno-extra -Wno-overloaded-virtual    -std=c++11 -o CMakeFiles/cmTryCompileExec4076332440.dir/feature_tests.cxx.o -c /home/thomas/Documents/Projects/Step_crack_dg_with_Prashant/CMakeFiles/feature_tests.cxx
Linking CXX executable cmTryCompileExec4076332440
/usr/local/bin/cmake -E cmake_link_script CMakeFiles/cmTryCompileExec4076332440.dir/link.txt --verbose=1
/usr/bin/c++   -pedantic -fpic -Wall -Wpointer-arith -Wwrite-strings -Wsynth -Wsign-compare -Wswitch -Wno-unused-local-typedefs -Wno-long-long   -std=c++11 -Wno-parentheses -Wno-long-long -Wno-unused -Wno-extra -Wno-overloaded-virtual     CMakeFiles/cmTryCompileExec4076332440.dir/feature_tests.cxx.o  -o cmTryCompileExec4076332440 -rdynamic 
gmake[1]: Leaving directory `/home/thomas/Documents/Projects/Step_crack_dg_with_Prashant/CMakeFiles/CMakeTmp'


    Feature record: CXX_FEATURE:0cxx_aggregate_default_initializers
    Feature record: CXX_FEATURE:1cxx_alias_templates
    Feature record: CXX_FEATURE:0cxx_alignas
    Feature record: CXX_FEATURE:0cxx_alignof
    Feature record: CXX_FEATURE:0cxx_attributes
    Feature record: CXX_FEATURE:0cxx_attribute_deprecated
    Feature record: CXX_FEATURE:1cxx_auto_type
    Feature record: CXX_FEATURE:0cxx_binary_literals
    Feature record: CXX_FEATURE:1cxx_constexpr
    Feature record: CXX_FEATURE:0cxx_contextual_conversions
    Feature record: CXX_FEATURE:1cxx_decltype
    Feature record: CXX_FEATURE:0cxx_decltype_auto
    Feature record: CXX_FEATURE:0cxx_decltype_incomplete_return_types
    Feature record: CXX_FEATURE:1cxx_default_function_template_args
    Feature record: CXX_FEATURE:1cxx_defaulted_functions
    Feature record: CXX_FEATURE:1cxx_defaulted_move_initializers
    Feature record: CXX_FEATURE:1cxx_delegating_constructors
    Feature record: CXX_FEATURE:1cxx_deleted_functions
    Feature record: CXX_FEATURE:0cxx_digit_separators
    Feature record: CXX_FEATURE:1cxx_enum_forward_declarations
    Feature record: CXX_FEATURE:1cxx_explicit_conversions
    Feature record: CXX_FEATURE:1cxx_extended_friend_declarations
    Feature record: CXX_FEATURE:1cxx_extern_templates
    Feature record: CXX_FEATURE:1cxx_final
    Feature record: CXX_FEATURE:1cxx_func_identifier
    Feature record: CXX_FEATURE:1cxx_generalized_initializers
    Feature record: CXX_FEATURE:0cxx_generic_lambdas
    Feature record: CXX_FEATURE:0cxx_inheriting_constructors
    Feature record: CXX_FEATURE:1cxx_inline_namespaces
    Feature record: CXX_FEATURE:1cxx_lambdas
    Feature record: CXX_FEATURE:0cxx_lambda_init_captures
    Feature record: CXX_FEATURE:1cxx_local_type_template_args
    Feature record: CXX_FEATURE:1cxx_long_long_type
    Feature record: CXX_FEATURE:1cxx_noexcept
    Feature record: CXX_FEATURE:1cxx_nonstatic_member_init
    Feature record: CXX_FEATURE:1cxx_nullptr
    Feature record: CXX_FEATURE:1cxx_override
    Feature record: CXX_FEATURE:1cxx_range_for
    Feature record: CXX_FEATURE:1cxx_raw_string_literals
    Feature record: CXX_FEATURE:0cxx_reference_qualified_functions
    Feature record: CXX_FEATURE:0cxx_relaxed_constexpr
    Feature record: CXX_FEATURE:0cxx_return_type_deduction
    Feature record: CXX_FEATURE:1cxx_right_angle_brackets
    Feature record: CXX_FEATURE:1cxx_rvalue_references
    Feature record: CXX_FEATURE:1cxx_sizeof_member
    Feature record: CXX_FEATURE:1cxx_static_assert
    Feature record: CXX_FEATURE:1cxx_strong_enums
    Feature record: CXX_FEATURE:1cxx_template_template_parameters
    Feature record: CXX_FEATURE:0cxx_thread_local
    Feature record: CXX_FEATURE:1cxx_trailing_return_types
    Feature record: CXX_FEATURE:1cxx_unicode_literals
    Feature record: CXX_FEATURE:1cxx_uniform_initialization
    Feature record: CXX_FEATURE:1cxx_unrestricted_unions
    Feature record: CXX_FEATURE:1cxx_user_literals
    Feature record: CXX_FEATURE:0cxx_variable_templates
    Feature record: CXX_FEATURE:1cxx_variadic_macros
    Feature record: CXX_FEATURE:1cxx_variadic_templates


Detecting CXX [-std=c++98] compiler features compiled with the following output:
Change Dir: /home/thomas/Documents/Projects/Step_crack_dg_with_Prashant/CMakeFiles/CMakeTmp

Run Build Command:"/usr/bin/gmake" "cmTryCompileExec2470182102/fast"
/usr/bin/gmake -f CMakeFiles/cmTryCompileExec2470182102.dir/build.make CMakeFiles/cmTryCompileExec2470182102.dir/build
gmake[1]: Entering directory `/home/thomas/Documents/Projects/Step_crack_dg_with_Prashant/CMakeFiles/CMakeTmp'
/usr/local/bin/cmake -E cmake_progress_report /home/thomas/Documents/Projects/Step_crack_dg_with_Prashant/CMakeFiles/CMakeTmp/CMakeFiles 1
Building CXX object CMakeFiles/cmTryCompileExec2470182102.dir/feature_tests.cxx.o
/usr/bin/c++    -pedantic -fpic -Wall -Wpointer-arith -Wwrite-strings -Wsynth -Wsign-compare -Wswitch -Wno-unused-local-typedefs -Wno-long-long   -std=c++11 -Wno-parentheses -Wno-long-long -Wno-unused -Wno-extra -Wno-overloaded-virtual    -std=c++98 -o CMakeFiles/cmTryCompileExec2470182102.dir/feature_tests.cxx.o -c /home/thomas/Documents/Projects/Step_crack_dg_with_Prashant/CMakeFiles/feature_tests.cxx
Linking CXX executable cmTryCompileExec2470182102
/usr/local/bin/cmake -E cmake_link_script CMakeFiles/cmTryCompileExec2470182102.dir/link.txt --verbose=1
/usr/bin/c++   -pedantic -fpic -Wall -Wpointer-arith -Wwrite-strings -Wsynth -Wsign-compare -Wswitch -Wno-unused-local-typedefs -Wno-long-long   -std=c++11 -Wno-parentheses -Wno-long-long -Wno-unused -Wno-extra -Wno-overloaded-virtual     CMakeFiles/cmTryCompileExec2470182102.dir/feature_tests.cxx.o  -o cmTryCompileExec2470182102 -rdynamic 
gmake[1]: Leaving directory `/home/thomas/Documents/Projects/Step_crack_dg_with_Prashant/CMakeFiles/CMakeTmp'


    Feature record: CXX_FEATURE:0cxx_aggregate_default_initializers
    Feature record: CXX_FEATURE:0cxx_alias_templates
    Feature record: CXX_FEATURE:0cxx_alignas
    Feature record: CXX_FEATURE:0cxx_alignof
    Feature record: CXX_FEATURE:0cxx_attributes
    Feature record: CXX_FEATURE:0cxx_attribute_deprecated
    Feature record: CXX_FEATURE:0cxx_auto_type
    Feature record: CXX_FEATURE:0cxx_binary_literals
    Feature record: CXX_FEATURE:0cxx_constexpr
    Feature record: CXX_FEATURE:0cxx_contextual_conversions
    Feature record: CXX_FEATURE:0cxx_decltype
    Feature record: CXX_FEATURE:0cxx_decltype_auto
    Feature record: CXX_FEATURE:0cxx_decltype_incomplete_return_types
    Feature record: CXX_FEATURE:0cxx_default_function_template_args
    Feature record: CXX_FEATURE:0cxx_defaulted_functions
    Feature record: CXX_FEATURE:0cxx_defaulted_move_initializers
    Feature record: CXX_FEATURE:0cxx_delegating_constructors
    Feature record: CXX_FEATURE:0cxx_deleted_functions
    Feature record: CXX_FEATURE:0cxx_digit_separators
    Feature record: CXX_FEATURE:0cxx_enum_forward_declarations
    Feature record: CXX_FEATURE:0cxx_explicit_conversions
    Feature record: CXX_FEATURE:0cxx_extended_friend_declarations
    Feature record: CXX_FEATURE:0cxx_extern_templates
    Feature record: CXX_FEATURE:0cxx_final
    Feature record: CXX_FEATURE:0cxx_func_identifier
    Feature record: CXX_FEATURE:0cxx_generalized_initializers
    Feature record: CXX_FEATURE:0cxx_generic_lambdas
    Feature record: CXX_FEATURE:0cxx_inheriting_constructors
    Feature record: CXX_FEATURE:0cxx_inline_namespaces
    Feature record: CXX_FEATURE:0cxx_lambdas
    Feature record: CXX_FEATURE:0cxx_lambda_init_captures
    Feature record: CXX_FEATURE:0cxx_local_type_template_args
    Feature record: CXX_FEATURE:0cxx_long_long_type
    Feature record: CXX_FEATURE:0cxx_noexcept
    Feature record: CXX_FEATURE:0cxx_nonstatic_member_init
    Feature record: CXX_FEATURE:0cxx_nullptr
    Feature record: CXX_FEATURE:0cxx_override
    Feature record: CXX_FEATURE:0cxx_range_for
    Feature record: CXX_FEATURE:0cxx_raw_string_literals
    Feature record: CXX_FEATURE:0cxx_reference_qualified_functions
    Feature record: CXX_FEATURE:0cxx_relaxed_constexpr
    Feature record: CXX_FEATURE:0cxx_return_type_deduction
    Feature record: CXX_FEATURE:0cxx_right_angle_brackets
    Feature record: CXX_FEATURE:0cxx_rvalue_references
    Feature record: CXX_FEATURE:0cxx_sizeof_member
    Feature record: CXX_FEATURE:0cxx_static_assert
    Feature record: CXX_FEATURE:0cxx_strong_enums
    Feature record: CXX_FEATURE:1cxx_template_template_parameters
    Feature record: CXX_FEATURE:0cxx_thread_local
    Feature record: CXX_FEATURE:0cxx_trailing_return_types
    Feature record: CXX_FEATURE:0cxx_unicode_literals
    Feature record: CXX_FEATURE:0cxx_uniform_initialization
    Feature record: CXX_FEATURE:0cxx_unrestricted_unions
    Feature record: CXX_FEATURE:0cxx_user_literals
    Feature record: CXX_FEATURE:0cxx_variable_templates
    Feature record: CXX_FEATURE:0cxx_variadic_macros
    Feature record: CXX_FEATURE:0cxx_variadic_templates
