 ****************************  SINGLE PHASE RUN  *****************************
 ****************************  UNTITLED DATA SET  ****************************
 *********************************  ******  **********************************
                                                                                
 
 BLOCK   1 SIMULATION MODEL                         COMPOSITIONAL_MODEL       
 
 DEFAULT EXTERNAL UNITS:
    MASS                (EXTMASS )                     [lbM]               
    DISTANCE            (EXTDIST )                     [ft]                
    VOLUME              (EXTVOLL )                     [bbl]               
    TIME                (EXTTIME )                     [day]               
    TEMPERATURE         (EXTTEMP )                     [F]                 
    PRESSURE            (EXTPRES )                     [psi]               
    PERMEABILITY        (EXTPERM )                     [md]                
    LIQUID MASS RATE    (EXTWELL )                     [stb/day]           
    GAS MASS RATE       (EXTWELG )                     [mscf/day]          
    VISCOSITY           (EXTVISC )                     [cp]                
    DENSITY             (EXTDENS )                     [lb/cu-ft]          
    MOLAR CONCENTRATION (EXTCONC )                     [lbM/cu-ft]         
    COMPRESSIBILITY     (EXTCOMP )                     [/psi]              

 STOCK TANK OIL DENSITY (STDENO)                     56.000 [lb/cu-ft]          
 STOCK TANK WATER DENSITY (STDENW)                   62.400 [lb/cu-ft]          
 STOCK TANK GAS DENSITY (STDENG)                    0.04228 [lb/cu-ft]          

 SIMULATION STOP TIME (TIMEEND)                     365.00 [day]               
 RESTART SIMULATION (RESTART)                          NO
 NUMBER OF PROCESSORS                                  1
 MAX NEWTONIAN ITERATIONS (MAXNEWT)                   14
 USER OUTPUT LEVEL (OUTLEVEL)                          STANDARD
 SINGLE PROCESSOR DEBUG OUTPUT (DEBUGS)                NO
 DETAILED SPLINE OUTPUT (SPLINEOUT)                    NO
 DETAILED GEOMETRY OUTPUT (GEOMOUT)                    NO
 DETAILED TIMER OUTPUT (ALLTIMES)                      NO
 
 ************************  COMPOSITIONAL SCALAR DATA  ************************
 
 WATER FVF AT RESV. TEMPERATURE (WATFVF)             1.0000 [ResVol/SurfVol]    
 WATER COMPRESSIBILITY (WATCMP)                    0.330E-05 [/psi]              
 WATER REFERENCE PRESSURE (WATERP)                     0.00 [psi]               
 WATER VISCOSITY (WATVIS)                            0.7000 [cp]                
 PHASES:    1  WATER           
        
 COMPONENTS:    1  WATER           
            
 SURFACE TEMPERATURE (TSURF)                          60.00 [F]                 
 SURFACE PRESSURE (PSURF)                             14.70 [psi]               
 
 EXTERNAL UNITS:
    VAPOR IN PLACE      (EXTPLCG )                     [mscf]              
 
 *********************************  ******  **********************************
 ******************************  GEOMETRY DATA  ******************************

 FAULT BLOCK   1                                             
     NX =     3     NY =     7     NZ =     7
     NORMALIZED GRAVITY VECTOR (DOWN)      1.000000 0.000000 0.000000
     PRINT REGION  1:
     FIRST, LAST, AND STEP I FOR OUTPUT (IFIRST,ILAST,ISTEP)    1    3    1
     FIRST, LAST, AND STEP J FOR OUTPUT (JFIRST,JLAST,JSTEP)    1    7    1
     FIRST, LAST, AND STEP K FOR OUTPUT (KFIRST,KLAST,KSTEP)    1    7    1

 COORDINATES OF GRID 1,1,1 CORNER:
 BLOCK        X              Y              Z
    1    8325.00           0.000000       0.000000

 MAJOR DIMENSIONS:
 BLOCK        X              Y              Z
    1    100.000        3500.00        3500.00    
 
 ******************  X INTERVAL LENGTHS FOR FAULT BLOCK 1  *******************

         1              2              3
   20.00000       30.00000       50.00000    
 
 ******************  Y INTERVAL LENGTHS FOR FAULT BLOCK 1  *******************

         1              2              3              4              5
   500.0000       500.0000       500.0000       500.0000       500.0000    

         6              7
   500.0000       500.0000    
 
 ******************  Z INTERVAL LENGTHS FOR FAULT BLOCK 1  *******************

         1              2              3              4              5
   500.0000       500.0000       500.0000       500.0000       500.0000    

         6              7
   500.0000       500.0000    
 
 *********************  KEYOUT ARRAY FOR FAULT BLOCK 1  **********************

 K =   1
   I / J =    1    2    3    4    5    6    7
    1         1    1    1    1    1    1    1
    2         1    1    1    1    1    1    1
    3         1    1    1    1    1    1    1

 K =   2 PLANE IS IDENTICAL TO K =   1 PLANE (FOR VALUES PRINTED)

 K =   3 PLANE IS IDENTICAL TO K =   1 PLANE (FOR VALUES PRINTED)

 K =   4 PLANE IS IDENTICAL TO K =   1 PLANE (FOR VALUES PRINTED)

 K =   5 PLANE IS IDENTICAL TO K =   1 PLANE (FOR VALUES PRINTED)

 K =   6 PLANE IS IDENTICAL TO K =   1 PLANE (FOR VALUES PRINTED)

 K =   7 PLANE IS IDENTICAL TO K =   1 PLANE (FOR VALUES PRINTED)
 
 *********************************  ******  **********************************
 ********************************  ROCK DATA  ********************************
 
 ******************  ELEMENT ROCK TYPES FOR FAULT BLOCK 1  *******************

 K =   1
   I / J =    1    2    3    4    5    6    7
    1         1    1    1    1    1    1    1
    2         1    1    1    1    1    1    1
    3         1    1    1    1    1    1    1

 K =   2 PLANE IS IDENTICAL TO K =   1 PLANE (FOR VALUES PRINTED)

 K =   3 PLANE IS IDENTICAL TO K =   1 PLANE (FOR VALUES PRINTED)

 K =   4 PLANE IS IDENTICAL TO K =   1 PLANE (FOR VALUES PRINTED)

 K =   5 PLANE IS IDENTICAL TO K =   1 PLANE (FOR VALUES PRINTED)

 K =   6 PLANE IS IDENTICAL TO K =   1 PLANE (FOR VALUES PRINTED)

 K =   7 PLANE IS IDENTICAL TO K =   1 PLANE (FOR VALUES PRINTED)
 
 ******************  ELEMENT POROSITIES FOR FAULT BLOCK 1  *******************

 K =   1
   I / J =     1           2           3           4           5           6
    1    0.3000      0.3000      0.3000      0.3000      0.3000      0.3000    
    2    0.3000      0.3000      0.3000      0.3000      0.3000      0.3000    
    3    0.3000      0.3000      0.3000      0.3000      0.3000      0.3000    

 K =   1
   I / J =     7
    1    0.3000    
    2    0.3000    
    3    0.3000    

 K =   2 PLANE IS IDENTICAL TO K =   1 PLANE (FOR VALUES PRINTED)

 K =   3 PLANE IS IDENTICAL TO K =   1 PLANE (FOR VALUES PRINTED)

 K =   4 PLANE IS IDENTICAL TO K =   1 PLANE (FOR VALUES PRINTED)

 K =   5 PLANE IS IDENTICAL TO K =   1 PLANE (FOR VALUES PRINTED)

 K =   6 PLANE IS IDENTICAL TO K =   1 PLANE (FOR VALUES PRINTED)

 K =   7 PLANE IS IDENTICAL TO K =   1 PLANE (FOR VALUES PRINTED)
 
 *******************  X PERMEABILITIES FOR FAULT BLOCK 1  ********************

 K =   1
   I / J =     1           2           3           4           5           6
    1     50.00       50.00       50.00       50.00       50.00       50.00    
    2     50.00       50.00       50.00       50.00       50.00       50.00    
    3     50.00       50.00       25.00       25.00       25.00       25.00    

 K =   1
   I / J =     7
    1     25.00    
    2     25.00    
    3     25.00    

 K =   2 PLANE IS IDENTICAL TO K =   1 PLANE (FOR VALUES PRINTED)

 K =   3 PLANE IS IDENTICAL TO K =   1 PLANE (FOR VALUES PRINTED)

 K =   4 PLANE IS IDENTICAL TO K =   1 PLANE (FOR VALUES PRINTED)

 K =   5 PLANE IS IDENTICAL TO K =   1 PLANE (FOR VALUES PRINTED)

 K =   6 PLANE IS IDENTICAL TO K =   1 PLANE (FOR VALUES PRINTED)

 K =   7 PLANE IS IDENTICAL TO K =   1 PLANE (FOR VALUES PRINTED)
 
 *******************  Y PERMEABILITIES FOR FAULT BLOCK 1  ********************

 K =   1
   I / J =     1           2           3           4           5           6
    1     500.0       500.0       500.0       500.0       500.0       500.0    
    2     500.0       50.00       50.00       50.00       50.00       50.00    
    3     50.00       50.00       200.0       200.0       200.0       200.0    

 K =   1
   I / J =     7
    1     200.0    
    2     200.0    
    3     200.0    

 K =   2 PLANE IS IDENTICAL TO K =   1 PLANE (FOR VALUES PRINTED)

 K =   3 PLANE IS IDENTICAL TO K =   1 PLANE (FOR VALUES PRINTED)

 K =   4 PLANE IS IDENTICAL TO K =   1 PLANE (FOR VALUES PRINTED)

 K =   5 PLANE IS IDENTICAL TO K =   1 PLANE (FOR VALUES PRINTED)

 K =   6 PLANE IS IDENTICAL TO K =   1 PLANE (FOR VALUES PRINTED)

 K =   7 PLANE IS IDENTICAL TO K =   1 PLANE (FOR VALUES PRINTED)
 
 *******************  Z PERMEABILITIES FOR FAULT BLOCK 1  ********************

 K =   1
   I / J =     1           2           3           4           5           6
    1     500.0       500.0       500.0       500.0       500.0       500.0    
    2     500.0       50.00       50.00       50.00       50.00       50.00    
    3     50.00       50.00       200.0       200.0       200.0       200.0    

 K =   1
   I / J =     7
    1     200.0    
    2     200.0    
    3     200.0    

 K =   2 PLANE IS IDENTICAL TO K =   1 PLANE (FOR VALUES PRINTED)

 K =   3 PLANE IS IDENTICAL TO K =   1 PLANE (FOR VALUES PRINTED)

 K =   4 PLANE IS IDENTICAL TO K =   1 PLANE (FOR VALUES PRINTED)

 K =   5 PLANE IS IDENTICAL TO K =   1 PLANE (FOR VALUES PRINTED)

 K =   6 PLANE IS IDENTICAL TO K =   1 PLANE (FOR VALUES PRINTED)

 K =   7 PLANE IS IDENTICAL TO K =   1 PLANE (FOR VALUES PRINTED)
 
 *********************************  ******  **********************************
 ********************************  WELL DATA  ********************************

 WELL HISTORY OUTPUT KEY (WELLOUTKEY)                    1

 WELL HISTORY FILE NAME (WELLFILE)              WELLS.OUT                     

 PRODUCTION WELL                         
 WELL TYPE 35 - PRODUCTION, WATER MASS RATE SPECIFIED
 LOWER LIMIT ON BHP (PLIMIT)                       0.57-314 PSI
 INTERVAL  1, DIAMETER = 0.5000    ft, SKIN =     0.0000
              WELL TOP X,Y,Z    =     8375.0         3250.0         3250.0    
              WELL BOTTOM X,Y,Z =     8425.0         3250.0         3250.0    
 BLOCK INTERVAL   I   J   K
   1       1      3   7   7
 
 *****************************  PRODUCTION WELL  *****************************

 RATE    =  1000.0000     (CONSTANT)
 
 *********************  INITIAL COMPOSITIONAL WELL DATA  *********************
 
 
 ********************  TRANSIENT COMPOSITIONAL WELL DATA  ********************
 
 ALL WELLS ARE EXPLICIT
 
 **************************  ACTIVE GRID ELEMENTS  ***************************

 MODEL    ELEMENTS
   3         147
 
 *********************************  ******  **********************************
 ****************************  MULTIGRID SOLVER  *****************************
 
 MIN MULTIGRID ITERATIONS (MINMGIT) =                  2
 MAX MULTIGRID ITERATIONS (MAXMGIT) =                 20
 MULTIGRID CONVERGENCE TOLERANCE (LINTOL) =       0.5000E-02
 NUMBER OF MULTIGRID LEVELS =                          2
 LSOR FQACTOR, 1ST MULTIGRID ITERATION    =        1.000    
    (FACLSOR)  OTHER MULTIGRID ITERATIONS =        1.263    
 LSOR FACTOR OPTIMISED (SOROPT) =                   TRUE
 PSOR FACTORS,     DOWN, LEVEL  1  =               1.116       1.116    
    (FACPSOR)      UP,   LEVEL  1  =               1.116       1.116    
 PSOR FACTORS,     DOWN, LEVEL  2  =               1.012       1.012    
    (FACPSOR)      UP,   LEVEL  2  =               1.012       1.012    
 LSOR ITERATIONS, 1ST MULTIGRID ITERATION =            1
    (LSORIT)    OTHER MULTIGRID ITERATIONS =           1
 NUMBER OF PSOR ITERATIONS, DOWN, LEVEL  1 =           4
      (PSORIT)              UP,   LEVEL  1 =           7
                            DOWN, LEVEL  2 =           4
                            UP,   LEVEL  2 =           7
 
 *********************************  ******  **********************************
 **************************  BLOCK INTERFACE DATA  ***************************
 NO FAULT BLOCK INTERFACES
 
 **************************  TRANSIENT INPUT DATA  ***************************

 TIME =                                            0.000 [day]               
 TIME STEPS COMPLETED =                                0
 TARGET TIME STEP SIZE (DELTIM) =                  1.000 [day]               
 TIME STEP MULTIPLIER (DTIMMUL) =                  2.000
 MAXIMUM TIME STEP (DTIMMAX) =                    10.000 [day]               
 MINIMUM TIME STEP (DTIMMIN) =                    10.000 [day]               
 NEXT SCHEDULED OUTPUT (TIMOUT) =                365.000 [day]               
 
 ********************  TRANSIENT COMPOSITIONAL WELL DATA  ********************
 
 ALL WELLS ARE EXPLICIT
 TARGET TOTAL SATURATION CHANGE                      0.0100
 STABILITY LIMIT CHECKED FOR SELECTED CELLS
 CFL STABILITY LIMIT                                 1.8000

 TOTAL COMPONENTS IN PLACE

                    WATER              1315106959.    [lbM]               

 SURFACE PHASE VOLUMES IN PLACE

                    WATER              67641571.55    [stb]               
                    PAVG                   3993.95    [psi]               
 
 ***********************  PRESSURE FOR FAULT BLOCK 1  ************************

 K =   1
   I / J =     1           2           3           4           5           6
    1     3984.       3984.       3984.       3984.       3984.       3984.    
    2     3984.       3990.       3990.       3990.       3990.       3990.    
    3     3990.       3990.       4000.       4000.       4000.       4000.    

 K =   1
   I / J =     7
    1     4000.    
    2     4000.    
    3     4000.    

 K =   2 PLANE IS IDENTICAL TO K =   1 PLANE (FOR VALUES PRINTED)

 K =   3 PLANE IS IDENTICAL TO K =   1 PLANE (FOR VALUES PRINTED)

 K =   4 PLANE IS IDENTICAL TO K =   1 PLANE (FOR VALUES PRINTED)

 K =   5 PLANE IS IDENTICAL TO K =   1 PLANE (FOR VALUES PRINTED)

 K =   6 PLANE IS IDENTICAL TO K =   1 PLANE (FOR VALUES PRINTED)

 K =   7 PLANE IS IDENTICAL TO K =   1 PLANE (FOR VALUES PRINTED)
 
 *********************************  ******  **********************************
 *******************************  WELL RATES  ********************************

 PRODUCTION WELL: WATER PRODUCTION RATE [stb/day]
 TIME    1.0000      3.0000      7.0000      15.000      25.000      35.000    
 VALUE   1000.0      1000.0      1000.0      1000.0      1000.0      1000.0    
 TIME    45.000      55.000      65.000      75.000      85.000      95.000    
 VALUE   1000.0      1000.0      1000.0      1000.0      1000.0      1000.0    
 TIME    105.00      108.31      114.94      124.94      134.94      144.94    
 VALUE   1000.0      1000.0      1000.0      1000.0      1000.0      1000.0    

 PRODUCTION WELL: BOTTOM HOLE PRESSURE [psi]
 TIME    1.0000      3.0000      7.0000      15.000      25.000      35.000    
 VALUE   3924.4      3913.4      3903.1      3887.7      3869.5      3851.3    
 TIME    45.000      55.000      65.000      75.000      85.000      95.000    
 VALUE   3833.2      3815.0      3796.9      3778.8      3760.6      3742.5    
 TIME    105.00      108.31      114.94      124.94      134.94      144.94    
 VALUE   3724.4      3718.4      3706.3      3688.2      3670.0      3651.9    
 
 *********************************  ******  **********************************
 *******************************  WELL RATES  ********************************

 PRODUCTION WELL: WATER PRODUCTION RATE [stb/day]
 TIME    154.94      164.94      174.94      184.94      194.94      204.94    
 VALUE   1000.0      1000.0      1000.0      1000.0      1000.0      1000.0    
 TIME    214.94      224.94      228.29      234.97      244.97      254.97    
 VALUE   1000.0      1000.0      1000.0      1000.0      1000.0      1000.0    
 TIME    264.97      274.97      284.97      294.97      304.97      314.97    
 VALUE   1000.0      1000.0      1000.0      1000.0      1000.0      1000.0    

 PRODUCTION WELL: BOTTOM HOLE PRESSURE [psi]
 TIME    154.94      164.94      174.94      184.94      194.94      204.94    
 VALUE   3633.8      3615.6      3597.5      3579.3      3561.2      3543.0    
 TIME    214.94      224.94      228.29      234.97      244.97      254.97    
 VALUE   3524.9      3506.7      3492.9      3488.3      3470.3      3452.2    
 TIME    264.97      274.97      284.97      294.97      304.97      314.97    
 VALUE   3434.0      3415.9      3397.7      3379.5      3361.4      3343.2    
 
 **********************************  *****  **********************************
 *****************************  STANDARD OUTPUT  *****************************

 TIME =                                          365.000 [day]               
 TIME STEP NUMBER =                                   42
 LINE SOR FACTOR (2ND CYCLE+) =                   1.2928
 MODEL  3 BALANCES                            1.00000000

 TOTAL COMPONENTS IN PLACE

                    WATER              1308010524.    [lbM]               

 SURFACE PHASE VOLUMES IN PLACE

                    WATER              67276571.55    [stb]               
                    PAVG                   3331.74    [psi]               
 
 ***********************  PRESSURE FOR FAULT BLOCK 1  ************************

 K =   1
   I / J =     1           2           3           4           5           6
    1     3320.       3320.       3320.       3319.       3318.       3318.    
    2     3317.       3331.       3331.       3331.       3330.       3329.    
    3     3329.       3328.       3349.       3349.       3348.       3347.    

 K =   1
   I / J =     7
    1     3347.    
    2     3346.    
    3     3346.    

 K =   2
   I / J =     1           2           3           4           5           6
    1     3320.       3320.       3319.       3318.       3317.       3317.    
    2     3316.       3331.       3331.       3330.       3329.       3328.    
    3     3328.       3327.       3349.       3348.       3348.       3347.    

 K =   2
   I / J =     7
    1     3346.    
    2     3345.    
    3     3345.    

 K =   3
   I / J =     1           2           3           4           5           6
    1     3320.       3319.       3318.       3317.       3316.       3315.    
    2     3314.       3331.       3330.       3329.       3328.       3327.    
    3     3326.       3325.       3348.       3348.       3347.       3346.    

 K =   3
   I / J =     7
    1     3345.    
    2     3343.    
    3     3343.    

 K =   4
   I / J =     1           2           3           4           5           6
    1     3319.       3318.       3317.       3316.       3314.       3312.    
    2     3311.       3330.       3329.       3328.       3327.       3325.    
    3     3323.       3322.       3347.       3347.       3346.       3344.    

 K =   4
   I / J =     7
    1     3342.    
    2     3341.    
    3     3339.    

 K =   5
   I / J =     1           2           3           4           5           6
    1     3318.       3317.       3316.       3314.       3311.       3308.    
    2     3306.       3329.       3328.       3327.       3325.       3322.    
    3     3319.       3317.       3347.       3346.       3345.       3342.    

 K =   5
   I / J =     7
    1     3340.    
    2     3337.    
    3     3334.    

 K =   6
   I / J =     1           2           3           4           5           6
    1     3318.       3317.       3315.       3312.       3308.       3303.    
    2     3298.       3329.       3328.       3326.       3323.       3319.    
    3     3314.       3309.       3346.       3345.       3343.       3341.    

 K =   6
   I / J =     7
    1     3337.    
    2     3332.    
    3     3326.    

 K =   7
   I / J =     1           2           3           4           5           6
    1     3317.       3316.       3314.       3311.       3306.       3298.    
    2     3285.       3328.       3327.       3325.       3322.       3317.    
    3     3309.       3295.       3346.       3345.       3343.       3339.    

 K =   7
   I / J =     7
    1     3334.    
    2     3326.    
    3     3311.    
 
 *********************************  ******  **********************************
 *******************************  WELL RATES  ********************************

 PRODUCTION WELL: WATER PRODUCTION RATE [stb/day]
 TIME    324.97      328.87      336.68      346.68      356.02      365.00    
 VALUE   1000.0      1000.0      1000.0      1000.0      1000.0      1000.0    

 PRODUCTION WELL: BOTTOM HOLE PRESSURE [psi]
 TIME    324.97      328.87      336.68      346.68      356.02      365.00    
 VALUE   3325.0      3317.5      3303.8      3285.6      3268.6      3252.3    
 
 **********************************  *****  **********************************
 ************************  TIMER RESULTS IN SECONDS  *************************

 TOTAL TIME                                     0.270

 TOTAL INITIALIZATION TIME                      0.030

 TOTAL LINEAR SOLVER TIME                       0.100

 TOTAL LINEAR ITERATIONS THIS RUN =        352
 TOTAL NEWTONIAN ITERATIONS THIS RUN =      45
 TOTAL TIME STEP THIS RUN =                 42
 LINEAR / NEWTONIAN =                     7.82    
 NEWTONIAN / TIME STEP =                  1.07    
