 *********************************  ******  **********************************
 ********************  BLACK INTERFACE SCALE TEST - HSC5  ********************
 *********************************  ******  **********************************
 BLOCK   HEIGHT (FT)   WIDTH (FT)  LENGTH (FT)    SIZE          CORNER          
   1       27            360          360        15x25x25    0,    0,    0      
   2       27            360          360        15x25x25  4.5,  360,   36      
 150 GRID ELEMENTS                                          DATE : 4/17/00      

 BLOCK   1 SIMULATION MODEL                         HYDROLOGY_IMPLICIT        
 BLOCK   2 SIMULATION MODEL                         HYDROLOGY_IMPLICIT        

 DEFAULT EXTERNAL UNITS:
    MASS                (EXTMASS )                     [lb]                
    DISTANCE            (EXTDIST )                     [ft]                
    VOLUME              (EXTVOLL )                     [bbl]               
    TIME                (EXTTIME )                     [day]               
    TEMPERATURE         (EXTTEMP )                     [F]                 
    PRESSURE            (EXTPRES )                     [psi]               
    PERMEABILITY        (EXTPERM )                     [md]                
    LIQUID MASS RATE    (EXTWELL )                     [stb/day]           
    GAS MASS RATE       (EXTWELG )                     [mscf/day]          
    VISCOSITY           (EXTVISC )                     [cp]                
    DENSITY             (EXTDENS )                     [lb/cu-ft]          
    MOLAR CONCENTRATION (EXTCONC )                     [M/cu-ft]           
    COMPRESSIBILITY     (EXTCOMP )                     [/psi]              

 STOCK TANK OIL DENSITY (STDENO)                     53.000 [lb/cu-ft]          
 STOCK TANK WATER DENSITY (STDENW)                   62.340 [lb/cu-ft]          
 STOCK TANK GAS DENSITY (STDENG)                    0.04228 [lb/cu-ft]          

 SIMULATION STOP TIME (TIMEEND)                     600.00 [day]               
 RESTART SIMULATION (RESTART)                          NO
 NUMBER OF PROCESSORS                                  6
 MAX NEWTONIAN ITERATIONS (MAXNEWT)                   12
 USER OUTPUT LEVEL (OUTLEVEL)                          STANDARD
 SINGLE PROCESSOR DEBUG OUTPUT (DEBUGS)                NO
 DETAILED SPLINE OUTPUT (SPLINEOUT)                    NO
 DETAILED GEOMETRY OUTPUT (GEOMOUT)                    NO
 DETAILED TIMER OUTPUT (ALLTIMES)                      NO
 SQUARE PROCESSOR ASSIGNMENT (METHOD)

 ************ IMPLICIT HYDROLOGY MODEL ************

 OIL STANDARD DENSITY (OILDEN)                       56.000 [lb/cu-ft]          
 OIL COMPRESSABILITY (OILCOMP)                   0.4000E-04 [/psi]              
 OIL VISCOSITY (OILVIS)                              2.0000 [cp]                
 WATER STANDARD DENSITY (WATDEN)                     62.340 [lb/cu-ft]          
 WATER COMPRESSABILITY (WATCOMP)                 0.3300E-05 [/psi]              
 WATER VISCOSITY (WATVIS)                            0.5000 [cp]                
 INITIAL OIL PRESSURE (POINIT)                      500.000 [psi]               
 INITIAL WATER SATURATION (SWINIT)                  0.22000
 INITIAL REFERENCE DEPTH (DINIT)                       5.00 [ft]                
 INITIAL REFERENCE ROCK TYPE (KRKI)                    1
 HYDROLOGY MODEL CONVERGENCE TOLERANCE (CVTOL)   0.1000E-05

 *********************************  ******  **********************************
 ******************************  GEOMETRY DATA  ******************************

 BLOCK 1                                                     
     NX =    15     NY =    25     NZ =    25
     NORMALIZED GRAVITY VECTOR (DOWN)      1.000000 0.000000 0.000000
     PRINT REGION  1:
     FIRST, LAST, AND STEP I FOR OUTPUT (IFIRST,ILAST,ISTEP)    1   15    2
     FIRST, LAST, AND STEP J FOR OUTPUT (JFIRST,JLAST,JSTEP)    1   25    5
     FIRST, LAST, AND STEP K FOR OUTPUT (KFIRST,KLAST,KSTEP)    1   25    5

 BLOCK 2                                                     
     NX =    15     NY =    25     NZ =    25
     NORMALIZED GRAVITY VECTOR (DOWN)      1.000000 0.000000 0.000000
     PRINT REGION  1:
     FIRST, LAST, AND STEP I FOR OUTPUT (IFIRST,ILAST,ISTEP)    1   15    2
     FIRST, LAST, AND STEP J FOR OUTPUT (JFIRST,JLAST,JSTEP)    1   25    5
     FIRST, LAST, AND STEP K FOR OUTPUT (KFIRST,KLAST,KSTEP)    1   25    5

 COORDINATES OF GRID 1,1,1 CORNER:
 BLOCK        X              Y              Z
    1   0.000000E+00   0.000000E+00   0.000000E+00
    2    4.50000        360.000        36.0000    

 MAJOR DIMENSIONS:
 BLOCK        X              Y              Z
    1    27.0000        360.000        360.000    
    2    27.0000        360.000        360.000    

 ******************  X INTERVAL LENGTHS FOR FAULT BLOCK 1  *******************

         1              2              3              4              5
   1.800000       1.800000       1.800000       1.800000       1.800000    

         6              7              8              9             10
   1.800000       1.800000       1.800000       1.800000       1.800000    

        11             12             13             14             15
   1.800000       1.800000       1.800000       1.800000       1.800000    

 ******************  Y INTERVAL LENGTHS FOR FAULT BLOCK 1  *******************

         1              2              3              4              5
   14.40000       14.40000       14.40000       14.40000       14.40000    

         6              7              8              9             10
   14.40000       14.40000       14.40000       14.40000       14.40000    

        11             12             13             14             15
   14.40000       14.40000       14.40000       14.40000       14.40000    

        16             17             18             19             20
   14.40000       14.40000       14.40000       14.40000       14.40000    

        21             22             23             24             25
   14.40000       14.40000       14.40000       14.40000       14.40000    

 ******************  Z INTERVAL LENGTHS FOR FAULT BLOCK 1  *******************

         1              2              3              4              5
   14.40000       14.40000       14.40000       14.40000       14.40000    

         6              7              8              9             10
   14.40000       14.40000       14.40000       14.40000       14.40000    

        11             12             13             14             15
   14.40000       14.40000       14.40000       14.40000       14.40000    

        16             17             18             19             20
   14.40000       14.40000       14.40000       14.40000       14.40000    

        21             22             23             24             25
   14.40000       14.40000       14.40000       14.40000       14.40000    

 ******************  X INTERVAL LENGTHS FOR FAULT BLOCK 2  *******************

         1              2              3              4              5
   1.800000       1.800000       1.800000       1.800000       1.800000    

         6              7              8              9             10
   1.800000       1.800000       1.800000       1.800000       1.800000    

        11             12             13             14             15
   1.800000       1.800000       1.800000       1.800000       1.800000    

 ******************  Y INTERVAL LENGTHS FOR FAULT BLOCK 2  *******************

         1              2              3              4              5
   14.40000       14.40000       14.40000       14.40000       14.40000    

         6              7              8              9             10
   14.40000       14.40000       14.40000       14.40000       14.40000    

        11             12             13             14             15
   14.40000       14.40000       14.40000       14.40000       14.40000    

        16             17             18             19             20
   14.40000       14.40000       14.40000       14.40000       14.40000    

        21             22             23             24             25
   14.40000       14.40000       14.40000       14.40000       14.40000    

 ******************  Z INTERVAL LENGTHS FOR FAULT BLOCK 2  *******************

         1              2              3              4              5
   14.40000       14.40000       14.40000       14.40000       14.40000    

         6              7              8              9             10
   14.40000       14.40000       14.40000       14.40000       14.40000    

        11             12             13             14             15
   14.40000       14.40000       14.40000       14.40000       14.40000    

        16             17             18             19             20
   14.40000       14.40000       14.40000       14.40000       14.40000    

        21             22             23             24             25
   14.40000       14.40000       14.40000       14.40000       14.40000    

 *********************  KEYOUT ARRAY FOR FAULT BLOCK 1  **********************

 K =   1
   I  J =    1    6   11   16   25
    1         1    1    1    1    1
    3         1    1    1    1    1
    5         1    1    1    1    1
    7         1    1    1    1    1
    9         1    1    1    1    1
   11         1    1    1    1    1
   13         1    1    1    1    1
   15         1    1    1    1    1

 K =   6 PLAIN IS IDENTICAL TO K =   1 PLAIN (FOR VALUES PRINTED)

 K =  11 PLAIN IS IDENTICAL TO K =   1 PLAIN (FOR VALUES PRINTED)

 K =  16 PLAIN IS IDENTICAL TO K =   1 PLAIN (FOR VALUES PRINTED)

 K =  25 PLAIN IS IDENTICAL TO K =   1 PLAIN (FOR VALUES PRINTED)

 *********************  KEYOUT ARRAY FOR FAULT BLOCK 2  **********************

 K =   1
   I  J =    1    6   11   16   25
    1         1    1    1    1    1
    3         1    1    1    1    1
    5         1    1    1    1    1
    7         1    1    1    1    1
    9         1    1    1    1    1
   11         1    1    1    1    1
   13         1    1    1    1    1
   15         1    1    1    1    1

 K =   6 PLAIN IS IDENTICAL TO K =   1 PLAIN (FOR VALUES PRINTED)

 K =  11 PLAIN IS IDENTICAL TO K =   1 PLAIN (FOR VALUES PRINTED)

 K =  16 PLAIN IS IDENTICAL TO K =   1 PLAIN (FOR VALUES PRINTED)

 K =  25 PLAIN IS IDENTICAL TO K =   1 PLAIN (FOR VALUES PRINTED)

 *********************************  ******  **********************************
 ********************************  ROCK DATA  ********************************

 ******************  ELEMENT ROCK TYPES FOR FAULT BLOCK 1  *******************

 K =   1
   I  J =    1    6   11   16   25
    1         1    1    1    1    1
    3         1    1    1    1    1
    5         1    1    1    1    1
    7         1    1    1    1    1
    9         1    1    1    1    1
   11         1    1    1    1    1
   13         1    1    1    1    1
   15         1    1    1    1    1

 K =   6 PLAIN IS IDENTICAL TO K =   1 PLAIN (FOR VALUES PRINTED)

 K =  11 PLAIN IS IDENTICAL TO K =   1 PLAIN (FOR VALUES PRINTED)

 K =  16 PLAIN IS IDENTICAL TO K =   1 PLAIN (FOR VALUES PRINTED)

 K =  25 PLAIN IS IDENTICAL TO K =   1 PLAIN (FOR VALUES PRINTED)

 ******************  ELEMENT ROCK TYPES FOR FAULT BLOCK 2  *******************

 K =   1
   I  J =    1    6   11   16   25
    1         1    1    1    1    1
    3         1    1    1    1    1
    5         1    1    1    1    1
    7         1    1    1    1    1
    9         1    1    1    1    1
   11         1    1    1    1    1
   13         1    1    1    1    1
   15         1    1    1    1    1

 K =   6 PLAIN IS IDENTICAL TO K =   1 PLAIN (FOR VALUES PRINTED)

 K =  11 PLAIN IS IDENTICAL TO K =   1 PLAIN (FOR VALUES PRINTED)

 K =  16 PLAIN IS IDENTICAL TO K =   1 PLAIN (FOR VALUES PRINTED)

 K =  25 PLAIN IS IDENTICAL TO K =   1 PLAIN (FOR VALUES PRINTED)

 ******************  ELEMENT POROSITIES FOR FAULT BLOCK 1  *******************

 K =   1
   I  J =     1           6          11          16          25
    1    0.2000      0.2000      0.2000      0.2000      0.2000    
    3    0.2000      0.2000      0.2000      0.2000      0.2000    
    5    0.2000      0.2000      0.2000      0.2000      0.2000    
    7    0.2000      0.2000      0.2000      0.2000      0.2000    
    9    0.2000      0.2000      0.2000      0.2000      0.2000    
   11    0.2000      0.2000      0.2000      0.2000      0.2000    
   13    0.2000      0.2000      0.2000      0.2000      0.2000    
   15    0.2000      0.2000      0.2000      0.2000      0.2000    

 K =   6 PLAIN IS IDENTICAL TO K =   1 PLAIN (FOR VALUES PRINTED)

 K =  11 PLAIN IS IDENTICAL TO K =   1 PLAIN (FOR VALUES PRINTED)

 K =  16 PLAIN IS IDENTICAL TO K =   1 PLAIN (FOR VALUES PRINTED)

 K =  25 PLAIN IS IDENTICAL TO K =   1 PLAIN (FOR VALUES PRINTED)

 ******************  ELEMENT POROSITIES FOR FAULT BLOCK 2  *******************

 K =   1
   I  J =     1           6          11          16          25
    1    0.2000      0.2000      0.2000      0.2000      0.2000    
    3    0.2000      0.2000      0.2000      0.2000      0.2000    
    5    0.2000      0.2000      0.2000      0.2000      0.2000    
    7    0.2000      0.2000      0.2000      0.2000      0.2000    
    9    0.2000      0.2000      0.2000      0.2000      0.2000    
   11    0.2000      0.2000      0.2000      0.2000      0.2000    
   13    0.2000      0.2000      0.2000      0.2000      0.2000    
   15    0.2000      0.2000      0.2000      0.2000      0.2000    

 K =   6 PLAIN IS IDENTICAL TO K =   1 PLAIN (FOR VALUES PRINTED)

 K =  11 PLAIN IS IDENTICAL TO K =   1 PLAIN (FOR VALUES PRINTED)

 K =  16 PLAIN IS IDENTICAL TO K =   1 PLAIN (FOR VALUES PRINTED)

 K =  25 PLAIN IS IDENTICAL TO K =   1 PLAIN (FOR VALUES PRINTED)

 *******************  X PERMEABILITIES FOR FAULT BLOCK 1  ********************

 K =   1
   I  J =     1           6          11          16          25
    1     15.00       15.00       15.00       15.00       15.00    
    3     15.00       15.00       15.00       15.00       15.00    
    5     15.00       15.00       15.00       15.00       15.00    
    7     15.00       15.00       15.00       15.00       15.00    
    9     15.00       15.00       15.00       15.00       15.00    
   11     15.00       15.00       15.00       15.00       15.00    
   13     15.00       15.00       15.00       15.00       15.00    
   15     15.00       15.00       15.00       15.00       15.00    

 K =   6 PLAIN IS IDENTICAL TO K =   1 PLAIN (FOR VALUES PRINTED)

 K =  11 PLAIN IS IDENTICAL TO K =   1 PLAIN (FOR VALUES PRINTED)

 K =  16 PLAIN IS IDENTICAL TO K =   1 PLAIN (FOR VALUES PRINTED)

 K =  25 PLAIN IS IDENTICAL TO K =   1 PLAIN (FOR VALUES PRINTED)

 *******************  X PERMEABILITIES FOR FAULT BLOCK 2  ********************

 K =   1
   I  J =     1           6          11          16          25
    1     15.00       15.00       15.00       15.00       15.00    
    3     15.00       15.00       15.00       15.00       15.00    
    5     15.00       15.00       15.00       15.00       15.00    
    7     15.00       15.00       15.00       15.00       15.00    
    9     15.00       15.00       15.00       15.00       15.00    
   11     15.00       15.00       15.00       15.00       15.00    
   13     15.00       15.00       15.00       15.00       15.00    
   15     15.00       15.00       15.00       15.00       15.00    

 K =   6 PLAIN IS IDENTICAL TO K =   1 PLAIN (FOR VALUES PRINTED)

 K =  11 PLAIN IS IDENTICAL TO K =   1 PLAIN (FOR VALUES PRINTED)

 K =  16 PLAIN IS IDENTICAL TO K =   1 PLAIN (FOR VALUES PRINTED)

 K =  25 PLAIN IS IDENTICAL TO K =   1 PLAIN (FOR VALUES PRINTED)

 *******************  Y PERMEABILITIES FOR FAULT BLOCK 1  ********************

 K =   1
   I  J =     1           6          11          16          25
    1     150.0       150.0       150.0       150.0       150.0    
    3     150.0       150.0       150.0       150.0       150.0    
    5     150.0       150.0       150.0       150.0       150.0    
    7     150.0       150.0       150.0       150.0       150.0    
    9     150.0       150.0       150.0       150.0       150.0    
   11     150.0       150.0       150.0       150.0       150.0    
   13     150.0       150.0       150.0       150.0       150.0    
   15     150.0       150.0       150.0       150.0       150.0    

 K =   6 PLAIN IS IDENTICAL TO K =   1 PLAIN (FOR VALUES PRINTED)

 K =  11 PLAIN IS IDENTICAL TO K =   1 PLAIN (FOR VALUES PRINTED)

 K =  16 PLAIN IS IDENTICAL TO K =   1 PLAIN (FOR VALUES PRINTED)

 K =  25 PLAIN IS IDENTICAL TO K =   1 PLAIN (FOR VALUES PRINTED)

 *******************  Y PERMEABILITIES FOR FAULT BLOCK 2  ********************

 K =   1
   I  J =     1           6          11          16          25
    1     150.0       150.0       150.0       150.0       150.0    
    3     150.0       150.0       150.0       150.0       150.0    
    5     150.0       150.0       150.0       150.0       150.0    
    7     150.0       150.0       150.0       150.0       150.0    
    9     150.0       150.0       150.0       150.0       150.0    
   11     150.0       150.0       150.0       150.0       150.0    
   13     150.0       150.0       150.0       150.0       150.0    
   15     150.0       150.0       150.0       150.0       150.0    

 K =   6 PLAIN IS IDENTICAL TO K =   1 PLAIN (FOR VALUES PRINTED)

 K =  11 PLAIN IS IDENTICAL TO K =   1 PLAIN (FOR VALUES PRINTED)

 K =  16 PLAIN IS IDENTICAL TO K =   1 PLAIN (FOR VALUES PRINTED)

 K =  25 PLAIN IS IDENTICAL TO K =   1 PLAIN (FOR VALUES PRINTED)

 Y PERMEABILITY COPIED TO Z PERMEABILITY FOR ALL FAULT BLOCKS

 ************************  Ko VS Sw FOR ROCK TYPE 1  *************************
  
 Sw       0.0000000E+00 0.1000000     0.2000000     0.4000000     0.6000000    
 Ko        1.000000     0.6700000     0.4600000     0.2000000     0.5500000E-01
  
 Sw       0.7000000     0.8000000    
 Ko       0.1500000E-01 0.0000000E+00
  
 Sw       IS DIMENSIONLESS
 Ko       IS DIMENSIONLESS

 INTERPOLATION = QUADRATIC SPLINE          EXTRAPOLATION = LAST VALUE DEFINED

 CONSTRAIN Y TO  0.000000E+00 AT X =  0.800000    

 CONSTRAIN DY/DX TO  0.000000E+00 AT X =  0.800000    

 CONSTRAIN Y TO   1.00000     AT X =  0.000000E+00

 SPLINE STANDARD DEVIATION = 0.24827E-02

 ************************  Kw VS Sw FOR ROCK TYPE 1  *************************
  
 SW       0.1500000     0.3000000     0.4000000     0.6000000     0.8000000    
 Kw       0.0000000E+00 0.3500000E-01 0.8500000E-01 0.2800000     0.7760000    
  
 SW        1.000000    
 Kw        1.000000    
  
 SW       IS DIMENSIONLESS
 Kw       IS DIMENSIONLESS

 INTERPOLATION = QUADRATIC SPLINE          EXTRAPOLATION = LAST VALUE DEFINED

 CONSTRAIN Y TO  0.000000E+00 AT X =  0.150000    

 CONSTRAIN DY/DX TO  0.000000E+00 AT X =  0.150000    

 CONSTRAIN Y TO   1.00000     AT X =   1.00000    

 SPLINE STANDARD DEVIATION = 0.20700E-02

 ***********************  Pcow VS Sw FOR ROCK TYPE 1  ************************
  
 Sw       0.1500000     0.2000000     0.2500000     0.3000000     0.3500000    
 Pc        12.75000      8.700000      6.960000      5.950000      5.250000    
  
 Sw       0.4000000     0.5000000     0.6000000     0.7000000     0.8000000    
 Pc        4.700000      3.740000      2.940000      2.210000      1.540000    
  
 Sw       0.9000000     0.9500000      1.000000    
 Pc       0.9600000     0.6900000     0.0000000E+00
  
 Sw       HAS UNITS OF []                                                
 Pc       HAS UNITS OF [psi]                                             

 Y TRANSFORMED TO Ys/(X -  0.1300)

 INTERPOLATION = CUBIC SPLINE              EXTRAPOLATION = CUBIC SPLINE      

 SPLINE STANDARD DEVIATION = 0.78936E-02

 *********************************  ******  **********************************
 *****************************  LINE SOR SOLVER  *****************************

 LINE SOR MAX J,K (MAXJK) =                           50
 OPTIMISE LINE SOR FACTOR (SOROPT) =                   F
 LINE SOR RELATIVE TOLERANCE (SORTOL) =       0.1000E-01
 LINE SOR FACTOR (SORFAC) =                      1.87000
 MAX SOR ITERATIONS (MAXLIN) =                       580
 MIN SOR ITERATIONS (MINLIN) =                        90

 *********************************  ******  **********************************
 ********************************  WELL DATA  ********************************

 WELL HISTORY OUTPUT KEY (WELLOUTKEY)                    3

 WELL HISTORY FILE NAME (WELLFILE)              hsc5.wel                      

 INJECTION WELL                          
 WELL TYPE 1 - WATER INJECTION, PRESSURE SPECIFIED
 INTERVAL  1, DIAMETER = 0.5000    ft, SKIN = 0.0000E+00
              WELL TOP X,Y,Z    =    0.00000E+00     180.00         180.00    
              WELL BOTTOM X,Y,Z =     27.000         180.00         180.00    
 BLOCK INTERVAL   I   J   K
   1       1      1  13  13
   1       1      2  13  13
   1       1      3  13  13
   1       1      4  13  13
   1       1      5  13  13
   1       1      6  13  13
   1       1      7  13  13
   1       1      8  13  13
   1       1      9  13  13
   1       1     10  13  13
   1       1     11  13  13
   1       1     12  13  13
   1       1     13  13  13
   1       1     14  13  13
   1       1     15  13  13

 PRODUCTION WELL                         
 WELL TYPE 3 - PRODUCTION, PRESSURE SPECIFIED
 INTERVAL  1, DIAMETER = 0.5000    ft, SKIN = 0.0000E+00
              WELL TOP X,Y,Z    =     4.5000         540.00         216.00    
              WELL BOTTOM X,Y,Z =     31.500         540.00         216.00    
 BLOCK INTERVAL   I   J   K
   2       1      1  13  13
   2       1      2  13  13
   2       1      3  13  13
   2       1      4  13  13
   2       1      5  13  13
   2       1      6  13  13
   2       1      7  13  13
   2       1      8  13  13
   2       1      9  13  13
   2       1     10  13  13
   2       1     11  13  13
   2       1     12  13  13
   2       1     13  13  13
   2       1     14  13  13
   2       1     15  13  13

 *****************************  INJECTION WELL  ******************************

 BHP     =  507.00000     (CONSTANT)

 *****************************  PRODUCTION WELL  *****************************
  
 TIME     0.0000000E+00  30.00000    
 BHP       503.0000      400.0000    
  
 TIME     HAS UNITS OF [day]                                             
 BHP      HAS UNITS OF [psi]                                             

 INTERPOLATION = LINEAR                    EXTRAPOLATION = LAST VALUE DEFINED

 **************************  ACTIVE GRID ELEMENTS  ***************************

 MODEL    ELEMENTS
   5       18750

 *********************************  ******  **********************************
 **************************  BLOCK INTERFACE DATA  ***************************

   1 INTERFACES BETWEEN FAULT BLOCKS AS FOLLOWS:
          FACE   1, BLOCKS   1 AND   2

 COMMON TIE POINTS FOR INTERFACES:
 FACE      Xa          Ya          Za         Xb          Yb          Zb
    1 0.00000E+00 0.00000E+00 0.00000E+00 0.00000E+00 0.00000E+00 0.00000E+00

 FACE       AREA   INTERACTIONS
    1     7290.00      1125

 *********************************  ******  **********************************
 **************************  TYPICAL ROCK COLUMNS  ***************************
 
 J =   13    K =   13    FAULT BLOCK =   1    (WELL   1)
 
    I   Po, psi       Pw, psi          Sw         DEPTH, ft
 
    1    498.37        490.35       0.21600       0.90000
    2    499.09        491.13       0.21773        2.7000
    3    499.80        491.91       0.21950        4.5000
    4    500.52        492.69       0.22131        6.3000
    5    501.23        493.47       0.22316        8.1000
    6    501.94        494.25       0.22505        9.9000
    7    502.66        495.03       0.22698        11.700
    8    503.37        495.81       0.22896        13.500
    9    504.09        496.60       0.23099        15.300
   10    504.80        497.38       0.23308        17.100
   11    505.52        498.16       0.23522        18.900
   12    506.23        498.94       0.23743        20.700
   13    506.94        499.72       0.23970        22.500
   14    507.66        500.50       0.24204        24.300
   15    508.37        501.28       0.24445        26.100
 
 J =   13    K =   13    FAULT BLOCK =   2    (WELL   2)
 
    I   Po, psi       Pw, psi          Sw         DEPTH, ft
 
    1    500.16        492.30       0.22040        5.4000
    2    500.87        493.08       0.22223        7.2000
    3    501.59        493.86       0.22410        9.0000
    4    502.30        494.64       0.22601        10.800
    5    503.02        495.42       0.22796        12.600
    6    503.73        496.20       0.22997        14.400
    7    504.44        496.99       0.23203        16.200
    8    505.16        497.77       0.23414        18.000
    9    505.87        498.55       0.23632        19.800
   10    506.59        499.33       0.23855        21.600
   11    507.30        500.11       0.24086        23.400
   12    508.02        500.89       0.24324        25.200
   13    508.73        501.67       0.24569        27.000
   14    509.44        502.45       0.24822        28.800
   15    510.16        503.23       0.25083        30.600

 **************************  TRANSIENT INPUT DATA  ***************************

 TIME =                                            0.000 [day]               
 TIME STEPS COMPLETED =                                0
 TARGET TIME STEP SIZE (DELTIM) =                  1.000 [day]               
 TIME STEP MULTIPLIER (DTIMMUL) =                  1.100
 MAXIMUM TIME STEP (DTIMMAX) =                     1.000 [day]               
 NEXT SCHEDULED OUTPUT (TIMOUT) =                 40.000 [day]               
 TIME BETWEEN OUTPUTS (DTIMOUT) =               9999.000 [day]               
 NEXT RESTART OUTPUT (TIMRES) =               999999.000 [day]               
 CONVERGENCE TOLERANCE (CVTOL)                   0.3000E-06

 *********************************  ******  **********************************
 *******************************  WELL RATES  ********************************

 INJECTION WELL: WATER INJECTION RATE [stb/day]
 TIME    1.0000      2.0000      3.0000      4.0000      5.0000      6.0000    
 VALUE   6.4751      5.5536      5.6763      6.2665      7.1425      8.2121    
 TIME    7.0000      8.0000      9.0000      10.000      11.000      12.000    
 VALUE   9.4211      10.734      12.127      13.582      15.086      16.628    
 TIME    13.000      14.000      15.000      16.000      17.000      18.000    
 VALUE   18.201      19.797      21.412      23.041      24.681      26.330    

 PRODUCTION WELL: OIL PRODUCTION RATE [stb/day]
 TIME    1.0000      2.0000      3.0000      4.0000      5.0000      6.0000    
 VALUE   10.263      12.069      13.916      15.663      17.158      18.549    
 TIME    7.0000      8.0000      9.0000      10.000      11.000      12.000    
 VALUE   19.896      21.227      22.561      23.910      25.282      26.679    
 TIME    13.000      14.000      15.000      16.000      17.000      18.000    
 VALUE   28.101      29.547      31.016      32.504      34.009      35.529    

 PRODUCTION WELL: WATER PRODUCTION RATE [stb/day]
 TIME    1.0000      2.0000      3.0000      4.0000      5.0000      6.0000    
 VALUE  0.00000E+00 0.00000E+00 0.00000E+00 0.00000E+00 0.28953     0.63830    
 TIME    7.0000      8.0000      9.0000      10.000      11.000      12.000    
 VALUE  0.98735      1.3232      1.6372      1.9253      2.1865      2.4226    
 TIME    13.000      14.000      15.000      16.000      17.000      18.000    
 VALUE   2.6364      2.8315      3.0114      3.1794      3.3383      3.4905    

 PRODUCTION WELL: WATER/OIL RATIO
 TIME    1.0000      2.0000      3.0000      4.0000      5.0000      6.0000    
 VALUE  0.00000E+00 0.00000E+00 0.00000E+00 0.00000E+00 0.16875E-01 0.34411E-01
 TIME    7.0000      8.0000      9.0000      10.000      11.000      12.000    
 VALUE  0.49625E-01 0.62336E-01 0.72570E-01 0.80521E-01 0.86486E-01 0.90806E-01
 TIME    13.000      14.000      15.000      16.000      17.000      18.000    
 VALUE  0.93820E-01 0.95829E-01 0.97092E-01 0.97815E-01 0.98159E-01 0.98244E-01

 *********************************  ******  **********************************
 *******************************  WELL RATES  ********************************

 INJECTION WELL: WATER INJECTION RATE [stb/day]
 TIME    19.000      20.000      21.000      22.000      23.000      24.000    
 VALUE   27.987      29.650      31.319      32.992      34.669      36.350    
 TIME    25.000      26.000      27.000      28.000      29.000      30.000    
 VALUE   38.034      39.722      41.414      43.108      44.806      46.506    
 TIME    31.000      32.000      33.000      34.000      35.000      36.000    
 VALUE   47.983      49.170      50.089      50.788      51.314      51.710    

 PRODUCTION WELL: OIL PRODUCTION RATE [stb/day]
 TIME    19.000      20.000      21.000      22.000      23.000      24.000    
 VALUE   37.063      38.608      40.162      41.726      43.299      44.879    
 TIME    25.000      26.000      27.000      28.000      29.000      30.000    
 VALUE   46.465      48.059      49.658      51.264      52.875      54.491    
 TIME    31.000      32.000      33.000      34.000      35.000      36.000    
 VALUE   53.230      52.398      51.836      51.463      51.223      51.078    

 PRODUCTION WELL: WATER PRODUCTION RATE [stb/day]
 TIME    19.000      20.000      21.000      22.000      23.000      24.000    
 VALUE   3.6380      3.7822      3.9241      4.0647      4.2046      4.3441    
 TIME    25.000      26.000      27.000      28.000      29.000      30.000    
 VALUE   4.4836      4.6232      4.7630      4.9033      5.0439      5.1851    
 TIME    31.000      32.000      33.000      34.000      35.000      36.000    
 VALUE   4.9810      4.8588      4.7830      4.7364      4.7085      4.6926    

 PRODUCTION WELL: WATER/OIL RATIO
 TIME    19.000      20.000      21.000      22.000      23.000      24.000    
 VALUE  0.98158E-01 0.97964E-01 0.97707E-01 0.97414E-01 0.97107E-01 0.96797E-01
 TIME    25.000      26.000      27.000      28.000      29.000      30.000    
 VALUE  0.96492E-01 0.96198E-01 0.95916E-01 0.95648E-01 0.95394E-01 0.95154E-01
 TIME    31.000      32.000      33.000      34.000      35.000      36.000    
 VALUE  0.93575E-01 0.92728E-01 0.92272E-01 0.92036E-01 0.91922E-01 0.91872E-01

 **********************************  *****  **********************************
 *****************************  STANDARD OUTPUT  *****************************

 TIME =                                           40.000 [day]               
 TIME STEP NUMBER =                                   40
 MODEL  5 BALANCES                            1.00000000
                                              1.00000000

 *********************  OIL PRESSURES FOR FAULT BLOCK 1  *********************

 K =   1
   I  J =     1           6          11          16          25
    1     486.1       485.5       483.4       478.8       468.5    
    3     487.5       487.0       484.9       480.2       469.9    
    5     489.0       488.4       486.3       481.6       471.2    
    7     490.4       489.8       487.7       483.0       472.5    
    9     491.8       491.2       489.1       484.5       473.8    
   11     493.2       492.7       490.6       485.9       475.1    
   13     494.7       494.1       492.0       487.3       476.5    
   15     496.1       495.5       493.4       488.7       477.9    

 K =   6
   I  J =     1           6          11          16          25
    1     486.5       486.4       485.2       480.2       465.8    
    3     488.0       487.8       486.6       481.6       466.6    
    5     489.4       489.2       488.0       483.0       467.3    
    7     490.8       490.7       489.5       484.5       468.3    
    9     492.3       492.1       490.9       485.9       469.4    
   11     493.7       493.5       492.3       487.3       470.6    
   13     495.1       495.0       493.8       488.8       471.8    
   15     496.5       496.4       495.2       490.2       473.1    

 K =  11
   I  J =     1           6          11          16          25
    1     487.1       487.9       490.8       484.7       464.6    
    3     488.6       489.3       492.3       486.2       465.4    
    5     490.0       490.7       493.7       487.6       466.0    
    7     491.4       492.1       495.2       489.1       467.0    
    9     492.9       493.6       496.7       490.6       468.1    
   11     494.3       495.0       498.1       492.1       469.3    
   13     495.7       496.4       499.6       493.5       470.5    
   15     497.1       497.9       501.1       495.0       471.8    

 K =  16
   I  J =     1           6          11          16          25
    1     486.9       487.4       489.0       482.9       463.4    
    3     488.3       488.8       490.5       484.4       464.1    
    5     489.7       490.2       491.9       485.8       464.8    
    7     491.1       491.7       493.4       487.3       465.8    
    9     492.6       493.1       494.8       488.8       466.9    
   11     494.0       494.5       496.3       490.2       468.1    
   13     495.4       496.0       497.8       491.7       469.2    
   15     496.9       497.4       499.2       493.1       470.5    

 K =  25
   I  J =     1           6          11          16          25
    1     485.5       484.8       482.3       476.6       460.9    
    3     487.0       486.3       483.7       478.0       461.5    
    5     488.4       487.7       485.1       479.5       462.0    
    7     489.8       489.1       486.5       480.9       463.0    
    9     491.2       490.5       488.0       482.3       464.1    
   11     492.7       492.0       489.4       483.7       465.3    
   13     494.1       493.4       490.8       485.2       466.5    
   15     495.5       494.8       492.3       486.6       467.8    

 *********************  OIL PRESSURES FOR FAULT BLOCK 2  *********************

 K =   1
   I  J =     1           6          11          16          25
    1     464.6       452.7       444.2       439.0       436.4    
    3     465.9       454.1       445.6       440.5       437.8    
    5     467.1       455.5       447.0       441.9       439.2    
    7     468.3       456.9       448.5       443.3       440.6    
    9     469.4       458.3       449.9       444.7       442.1    
   11     470.4       459.6       451.3       446.2       443.5    
   13     470.9       461.0       452.7       447.6       444.9    
   15     471.6       462.5       454.2       449.0       446.3    

 K =   6
   I  J =     1           6          11          16          25
    1     463.0       451.4       442.1       437.2       435.8    
    3     464.3       452.8       443.5       438.6       437.2    
    5     465.5       454.2       444.9       440.0       438.6    
    7     466.6       455.6       446.3       441.4       440.0    
    9     467.8       457.0       447.8       442.9       441.5    
   11     468.8       458.4       449.2       444.3       442.9    
   13     469.5       459.8       450.6       445.7       444.3    
   15     470.3       461.2       452.0       447.1       445.7    

 K =  11
   I  J =     1           6          11          16          25
    1     461.7       449.0       435.0       431.8       434.8    
    3     463.0       450.5       436.4       433.2       436.2    
    5     464.2       451.9       437.9       434.6       437.7    
    7     465.3       453.3       439.3       436.1       439.1    
    9     466.4       454.6       440.7       437.5       440.5    
   11     467.4       456.0       442.1       438.9       441.9    
   13     468.1       457.4       443.6       440.3       443.4    
   15     468.8       458.8       445.0       441.8       444.8    

 K =  16
   I  J =     1           6          11          16          25
    1     460.5       448.4       436.3       432.7       434.8    
    3     461.7       449.8       437.7       434.1       436.2    
    5     462.9       451.2       439.1       435.5       437.6    
    7     464.1       452.6       440.6       437.0       439.0    
    9     465.2       454.0       442.0       438.4       440.5    
   11     466.2       455.4       443.4       439.8       441.9    
   13     466.9       456.8       444.8       441.2       443.3    
   15     467.7       458.2       446.2       442.7       444.7    

 K =  25
   I  J =     1           6          11          16          25
    1     454.5       448.8       442.3       438.0       435.8    
    3     455.9       450.3       443.7       439.4       437.2    
    5     457.2       451.7       445.1       440.8       438.6    
    7     458.6       453.1       446.5       442.2       440.0    
    9     459.9       454.5       448.0       443.7       441.5    
   11     461.2       455.9       449.4       445.1       442.9    
   13     462.5       457.3       450.8       446.5       444.3    
   15     463.9       458.7       452.2       447.9       445.7    

 *******************  WATER SATURATION FOR FAULT BLOCK 1  ********************

 K =   1
   I  J =     1           6          11          16          25
    1    0.2160      0.2160      0.2160      0.2160      0.2159    
    3    0.2195      0.2195      0.2195      0.2195      0.2194    
    5    0.2231      0.2231      0.2231      0.2231      0.2230    
    7    0.2270      0.2270      0.2270      0.2269      0.2268    
    9    0.2310      0.2310      0.2310      0.2310      0.2308    
   11    0.2352      0.2352      0.2352      0.2352      0.2350    
   13    0.2397      0.2397      0.2397      0.2397      0.2395    
   15    0.2444      0.2444      0.2444      0.2444      0.2443    

 K =   6
   I  J =     1           6          11          16          25
    1    0.2160      0.2160      0.2160      0.2160      0.2157    
    3    0.2195      0.2195      0.2195      0.2195      0.2188    
    5    0.2231      0.2231      0.2231      0.2231      0.2225    
    7    0.2270      0.2270      0.2270      0.2270      0.2264    
    9    0.2310      0.2310      0.2310      0.2310      0.2305    
   11    0.2352      0.2352      0.2352      0.2352      0.2347    
   13    0.2397      0.2397      0.2397      0.2397      0.2392    
   15    0.2444      0.2444      0.2444      0.2444      0.2440    

 K =  11
   I  J =     1           6          11          16          25
    1    0.2160      0.2160      0.2557      0.2450      0.2157    
    3    0.2195      0.2195      0.2611      0.2504      0.2188    
    5    0.2231      0.2231      0.2659      0.2555      0.2224    
    7    0.2270      0.2270      0.2705      0.2605      0.2264    
    9    0.2310      0.2310      0.2752      0.2656      0.2305    
   11    0.2352      0.2352      0.2801      0.2709      0.2347    
   13    0.2397      0.2397      0.2854      0.2766      0.2392    
   15    0.2444      0.2444      0.2920      0.2833      0.2440    

 K =  16
   I  J =     1           6          11          16          25
    1    0.2160      0.2160      0.2272      0.2243      0.2157    
    3    0.2195      0.2195      0.2316      0.2288      0.2188    
    5    0.2231      0.2231      0.2361      0.2333      0.2224    
    7    0.2270      0.2270      0.2406      0.2379      0.2264    
    9    0.2310      0.2310      0.2452      0.2428      0.2305    
   11    0.2352      0.2352      0.2501      0.2478      0.2347    
   13    0.2397      0.2397      0.2553      0.2532      0.2392    
   15    0.2444      0.2444      0.2611      0.2591      0.2440    

 K =  25
   I  J =     1           6          11          16          25
    1    0.2160      0.2160      0.2160      0.2160      0.2157    
    3    0.2195      0.2195      0.2195      0.2195      0.2187    
    5    0.2231      0.2231      0.2231      0.2231      0.2224    
    7    0.2270      0.2270      0.2270      0.2269      0.2264    
    9    0.2310      0.2310      0.2310      0.2309      0.2305    
   11    0.2352      0.2352      0.2352      0.2352      0.2348    
   13    0.2397      0.2397      0.2397      0.2396      0.2392    
   15    0.2444      0.2444      0.2444      0.2444      0.2440    

 *******************  WATER SATURATION FOR FAULT BLOCK 2  ********************

 K =   1
   I  J =     1           6          11          16          25
    1    0.2201      0.2203      0.2203      0.2203      0.2203    
    3    0.2237      0.2240      0.2240      0.2240      0.2240    
    5    0.2276      0.2278      0.2279      0.2279      0.2279    
    7    0.2316      0.2319      0.2319      0.2319      0.2319    
    9    0.2357      0.2361      0.2362      0.2362      0.2362    
   11    0.2400      0.2407      0.2407      0.2407      0.2407    
   13    0.2440      0.2455      0.2455      0.2455      0.2455    
   15    0.2491      0.2507      0.2507      0.2507      0.2507    

 K =   6
   I  J =     1           6          11          16          25
    1    0.2200      0.2203      0.2203      0.2203      0.2203    
    3    0.2236      0.2240      0.2240      0.2240      0.2240    
    5    0.2275      0.2278      0.2279      0.2279      0.2279    
    7    0.2315      0.2319      0.2319      0.2319      0.2319    
    9    0.2357      0.2361      0.2362      0.2362      0.2362    
   11    0.2400      0.2407      0.2407      0.2407      0.2407    
   13    0.2442      0.2455      0.2455      0.2455      0.2455    
   15    0.2494      0.2507      0.2507      0.2507      0.2507    

 K =  11
   I  J =     1           6          11          16          25
    1    0.2200      0.2203      0.2203      0.2203      0.2203    
    3    0.2236      0.2240      0.2240      0.2240      0.2240    
    5    0.2275      0.2278      0.2279      0.2279      0.2279    
    7    0.2315      0.2319      0.2319      0.2319      0.2319    
    9    0.2357      0.2361      0.2362      0.2362      0.2362    
   11    0.2399      0.2406      0.2407      0.2407      0.2407    
   13    0.2441      0.2455      0.2455      0.2455      0.2455    
   15    0.2493      0.2507      0.2507      0.2507      0.2507    

 K =  16
   I  J =     1           6          11          16          25
    1    0.2200      0.2203      0.2203      0.2203      0.2203    
    3    0.2236      0.2240      0.2240      0.2240      0.2240    
    5    0.2275      0.2278      0.2279      0.2279      0.2279    
    7    0.2315      0.2319      0.2319      0.2319      0.2319    
    9    0.2357      0.2361      0.2362      0.2362      0.2362    
   11    0.2400      0.2406      0.2407      0.2407      0.2407    
   13    0.2442      0.2455      0.2455      0.2455      0.2455    
   15    0.2493      0.2507      0.2507      0.2507      0.2507    

 K =  25
   I  J =     1           6          11          16          25
    1    0.2203      0.2203      0.2203      0.2203      0.2203    
    3    0.2240      0.2240      0.2240      0.2240      0.2240    
    5    0.2278      0.2279      0.2279      0.2279      0.2279    
    7    0.2318      0.2319      0.2319      0.2319      0.2319    
    9    0.2360      0.2362      0.2362      0.2362      0.2362    
   11    0.2405      0.2407      0.2407      0.2407      0.2407    
   13    0.2453      0.2455      0.2455      0.2455      0.2455    
   15    0.2505      0.2507      0.2507      0.2507      0.2507    

 **************************  TRANSIENT INPUT DATA  ***************************

 TIME =                                           50.000 [day]               
 TIME STEPS COMPLETED =                               50
 MAXIMUM TIME STEP (DTIMMAX) =                     2.000 [day]               
 NEXT SCHEDULED OUTPUT (TIMOUT) =                300.000 [day]               

 *********************************  ******  **********************************
 *******************************  WELL RATES  ********************************

 INJECTION WELL: WATER INJECTION RATE [stb/day]
 TIME    37.000      38.000      39.000      40.000      41.000      42.000    
 VALUE   52.010      52.239      52.416      52.556      52.669      52.762    
 TIME    43.000      44.000      45.000      46.000      47.000      48.000    
 VALUE   52.842      52.912      52.974      53.032      53.085      53.135    
 TIME    49.000      50.000      51.100      52.310      53.641      55.105    
 VALUE   53.184      53.230      53.279      53.332      53.389      53.449    

 PRODUCTION WELL: OIL PRODUCTION RATE [stb/day]
 TIME    37.000      38.000      39.000      40.000      41.000      42.000    
 VALUE   51.000      50.969      50.971      50.995      51.034      51.084    
 TIME    43.000      44.000      45.000      46.000      47.000      48.000    
 VALUE   51.140      51.199      51.261      51.324      51.386      51.449    
 TIME    49.000      50.000      51.100      52.310      53.641      55.105    
 VALUE   51.510      51.570      51.635      51.704      51.778      51.856    

 PRODUCTION WELL: WATER PRODUCTION RATE [stb/day]
 TIME    37.000      38.000      39.000      40.000      41.000      42.000    
 VALUE   4.6846      4.6816      4.6819      4.6843      4.6879      4.6924    
 TIME    43.000      44.000      45.000      46.000      47.000      48.000    
 VALUE   4.6973      4.7025      4.7078      4.7131      4.7184      4.7236    
 TIME    49.000      50.000      51.100      52.310      53.641      55.105    
 VALUE   4.7287      4.7337      4.7391      4.7449      4.7511      4.7577    

 PRODUCTION WELL: WATER/OIL RATIO
 TIME    37.000      38.000      39.000      40.000      41.000      42.000    
 VALUE  0.91855E-01 0.91853E-01 0.91855E-01 0.91858E-01 0.91859E-01 0.91857E-01
 TIME    43.000      44.000      45.000      46.000      47.000      48.000    
 VALUE  0.91853E-01 0.91847E-01 0.91839E-01 0.91830E-01 0.91821E-01 0.91811E-01
 TIME    49.000      50.000      51.100      52.310      53.641      55.105    
 VALUE  0.91801E-01 0.91792E-01 0.91782E-01 0.91771E-01 0.91760E-01 0.91748E-01

 *********************************  ******  **********************************
 *******************************  WELL RATES  ********************************

 INJECTION WELL: WATER INJECTION RATE [stb/day]
 TIME    56.716      58.487      60.436      62.436      64.436      66.436    
 VALUE   53.514      53.584      53.659      53.737      53.816      53.895    
 TIME    68.436      70.436      72.436      74.436      76.436      78.436    
 VALUE   53.973      54.050      54.126      54.200      54.273      54.344    
 TIME    80.436      82.436      84.436      86.436      88.436      90.436    
 VALUE   54.415      54.484      54.551      54.618      54.684      54.749    

 PRODUCTION WELL: OIL PRODUCTION RATE [stb/day]
 TIME    56.716      58.487      60.436      62.436      64.436      66.436    
 VALUE   51.940      52.028      52.121      52.214      52.303      52.391    
 TIME    68.436      70.436      72.436      74.436      76.436      78.436    
 VALUE   52.477      52.561      52.644      52.725      52.805      52.883    
 TIME    80.436      82.436      84.436      86.436      88.436      90.436    
 VALUE   52.960      53.035      53.109      53.182      53.253      53.324    

 PRODUCTION WELL: WATER PRODUCTION RATE [stb/day]
 TIME    56.716      58.487      60.436      62.436      64.436      66.436    
 VALUE   4.7648      4.7723      4.7802      4.7882      4.7960      4.8036    
 TIME    68.436      70.436      72.436      74.436      76.436      78.436    
 VALUE   4.8111      4.8185      4.8258      4.8330      4.8400      4.8470    
 TIME    80.436      82.436      84.436      86.436      88.436      90.436    
 VALUE   4.8538      4.8605      4.8671      4.8736      4.8799      4.8862    

 PRODUCTION WELL: WATER/OIL RATIO
 TIME    56.716      58.487      60.436      62.436      64.436      66.436    
 VALUE  0.91737E-01 0.91725E-01 0.91714E-01 0.91704E-01 0.91695E-01 0.91687E-01
 TIME    68.436      70.436      72.436      74.436      76.436      78.436    
 VALUE  0.91680E-01 0.91674E-01 0.91669E-01 0.91664E-01 0.91659E-01 0.91655E-01
 TIME    80.436      82.436      84.436      86.436      88.436      90.436    
 VALUE  0.91651E-01 0.91647E-01 0.91643E-01 0.91640E-01 0.91636E-01 0.91633E-01

 **************************  TRANSIENT INPUT DATA  ***************************

 TIME =                                          100.000 [day]               
 TIME STEPS COMPLETED =                               77
 MAXIMUM TIME STEP (DTIMMAX) =                     3.000 [day]               

 *********************************  ******  **********************************
 *******************************  WELL RATES  ********************************

 INJECTION WELL: WATER INJECTION RATE [stb/day]
 TIME    92.436      94.436      96.436      98.254      100.00      101.92    
 VALUE   54.813      54.876      54.938      54.994      55.047      55.104    
 TIME    104.03      106.36      108.92      111.73      114.73      117.73    
 VALUE   55.167      55.235      55.308      55.387      55.471      55.553    
 TIME    120.73      123.73      126.73      129.73      132.73      135.73    
 VALUE   55.634      55.714      55.794      55.872      55.949      56.026    

 PRODUCTION WELL: OIL PRODUCTION RATE [stb/day]
 TIME    92.436      94.436      96.436      98.254      100.00      101.92    
 VALUE   53.393      53.461      53.528      53.588      53.645      53.706    
 TIME    104.03      106.36      108.92      111.73      114.73      117.73    
 VALUE   53.773      53.845      53.924      54.008      54.096      54.183    
 TIME    120.73      123.73      126.73      129.73      132.73      135.73    
 VALUE   54.268      54.352      54.435      54.516      54.597      54.676    

 PRODUCTION WELL: WATER PRODUCTION RATE [stb/day]
 TIME    92.436      94.436      96.436      98.254      100.00      101.92    
 VALUE   4.8924      4.8984      4.9044      4.9097      4.9148      4.9202    
 TIME    104.03      106.36      108.92      111.73      114.73      117.73    
 VALUE   4.9262      4.9326      4.9395      4.9469      4.9547      4.9623    
 TIME    120.73      123.73      126.73      129.73      132.73      135.73    
 VALUE   4.9697      4.9771      4.9842      4.9913      4.9982      5.0051    

 PRODUCTION WELL: WATER/OIL RATIO
 TIME    92.436      94.436      96.436      98.254      100.00      101.92    
 VALUE  0.91630E-01 0.91626E-01 0.91623E-01 0.91620E-01 0.91617E-01 0.91614E-01
 TIME    104.03      106.36      108.92      111.73      114.73      117.73    
 VALUE  0.91610E-01 0.91606E-01 0.91601E-01 0.91596E-01 0.91590E-01 0.91584E-01
 TIME    120.73      123.73      126.73      129.73      132.73      135.73    
 VALUE  0.91578E-01 0.91571E-01 0.91564E-01 0.91556E-01 0.91548E-01 0.91540E-01

 *********************************  ******  **********************************
 *******************************  WELL RATES  ********************************

 INJECTION WELL: WATER INJECTION RATE [stb/day]
 TIME    138.73      141.73      144.73      147.73      150.73      153.73    
 VALUE   56.102      56.177      56.251      56.324      56.397      56.469    
 TIME    156.73      159.73      162.73      165.73      168.73      171.73    
 VALUE   56.540      56.611      56.682      56.752      56.821      56.891    
 TIME    174.73      177.73      180.73      183.73      186.73      189.73    
 VALUE   56.960      57.028      57.097      57.165      57.233      57.300    

 PRODUCTION WELL: OIL PRODUCTION RATE [stb/day]
 TIME    138.73      141.73      144.73      147.73      150.73      153.73    
 VALUE   54.755      54.832      54.909      54.985      55.060      55.135    
 TIME    156.73      159.73      162.73      165.73      168.73      171.73    
 VALUE   55.208      55.281      55.354      55.426      55.497      55.568    
 TIME    174.73      177.73      180.73      183.73      186.73      189.73    
 VALUE   55.639      55.709      55.779      55.848      55.917      55.986    

 PRODUCTION WELL: WATER PRODUCTION RATE [stb/day]
 TIME    138.73      141.73      144.73      147.73      150.73      153.73    
 VALUE   5.0118      5.0184      5.0249      5.0313      5.0375      5.0437    
 TIME    156.73      159.73      162.73      165.73      168.73      171.73    
 VALUE   5.0498      5.0558      5.0617      5.0675      5.0732      5.0789    
 TIME    174.73      177.73      180.73      183.73      186.73      189.73    
 VALUE   5.0844      5.0899      5.0954      5.1007      5.1060      5.1113    

 PRODUCTION WELL: WATER/OIL RATIO
 TIME    138.73      141.73      144.73      147.73      150.73      153.73    
 VALUE  0.91532E-01 0.91522E-01 0.91513E-01 0.91502E-01 0.91492E-01 0.91480E-01
 TIME    156.73      159.73      162.73      165.73      168.73      171.73    
 VALUE  0.91468E-01 0.91456E-01 0.91443E-01 0.91429E-01 0.91414E-01 0.91399E-01
 TIME    174.73      177.73      180.73      183.73      186.73      189.73    
 VALUE  0.91383E-01 0.91367E-01 0.91350E-01 0.91332E-01 0.91314E-01 0.91295E-01

 *********************************  ******  **********************************
 *******************************  WELL RATES  ********************************

 INJECTION WELL: WATER INJECTION RATE [stb/day]
 TIME    192.73      195.73      198.73      201.73      204.73      207.73    
 VALUE   57.368      57.435      57.502      57.570      57.637      57.703    
 TIME    210.73      213.73      216.73      219.73      222.73      225.73    
 VALUE   57.770      57.837      57.904      57.970      58.036      58.103    
 TIME    228.73      231.73      234.73      237.73      240.73      243.73    
 VALUE   58.169      58.235      58.302      58.368      58.434      58.500    

 PRODUCTION WELL: OIL PRODUCTION RATE [stb/day]
 TIME    192.73      195.73      198.73      201.73      204.73      207.73    
 VALUE   56.055      56.124      56.192      56.260      56.328      56.396    
 TIME    210.73      213.73      216.73      219.73      222.73      225.73    
 VALUE   56.464      56.532      56.599      56.667      56.734      56.801    
 TIME    228.73      231.73      234.73      237.73      240.73      243.73    
 VALUE   56.868      56.934      57.001      57.067      57.133      57.199    

 PRODUCTION WELL: WATER PRODUCTION RATE [stb/day]
 TIME    192.73      195.73      198.73      201.73      204.73      207.73    
 VALUE   5.1165      5.1216      5.1267      5.1318      5.1368      5.1418    
 TIME    210.73      213.73      216.73      219.73      222.73      225.73    
 VALUE   5.1467      5.1517      5.1566      5.1616      5.1665      5.1715    
 TIME    228.73      231.73      234.73      237.73      240.73      243.73    
 VALUE   5.1765      5.1816      5.1868      5.1921      5.1975      5.2030    

 PRODUCTION WELL: WATER/OIL RATIO
 TIME    192.73      195.73      198.73      201.73      204.73      207.73    
 VALUE  0.91275E-01 0.91256E-01 0.91235E-01 0.91215E-01 0.91193E-01 0.91172E-01
 TIME    210.73      213.73      216.73      219.73      222.73      225.73    
 VALUE  0.91150E-01 0.91129E-01 0.91107E-01 0.91086E-01 0.91066E-01 0.91046E-01
 TIME    228.73      231.73      234.73      237.73      240.73      243.73    
 VALUE  0.91028E-01 0.91010E-01 0.90995E-01 0.90981E-01 0.90971E-01 0.90963E-01

 *********************************  ******  **********************************
 *******************************  WELL RATES  ********************************

 INJECTION WELL: WATER INJECTION RATE [stb/day]
 TIME    246.73      249.73      252.73      255.73      258.73      261.73    
 VALUE   58.566      58.632      58.698      58.763      58.829      58.895    
 TIME    264.73      267.73      270.73      273.73      276.73      279.73    
 VALUE   58.960      59.026      59.091      59.156      59.221      59.286    
 TIME    282.73      285.73      288.73      291.73      294.73      297.42    
 VALUE   59.351      59.415      59.479      59.543      59.607      59.664    

 PRODUCTION WELL: OIL PRODUCTION RATE [stb/day]
 TIME    246.73      249.73      252.73      255.73      258.73      261.73    
 VALUE   57.265      57.330      57.394      57.459      57.522      57.586    
 TIME    264.73      267.73      270.73      273.73      276.73      279.73    
 VALUE   57.648      57.710      57.770      57.830      57.888      57.945    
 TIME    282.73      285.73      288.73      291.73      294.73      297.42    
 VALUE   58.001      58.055      58.107      58.157      58.204      58.245    

 PRODUCTION WELL: WATER PRODUCTION RATE [stb/day]
 TIME    246.73      249.73      252.73      255.73      258.73      261.73    
 VALUE   5.2088      5.2148      5.2211      5.2277      5.2346      5.2420    
 TIME    264.73      267.73      270.73      273.73      276.73      279.73    
 VALUE   5.2500      5.2585      5.2678      5.2778      5.2887      5.3007    
 TIME    282.73      285.73      288.73      291.73      294.73      297.42    
 VALUE   5.3138      5.3282      5.3441      5.3617      5.3812      5.4004    

 PRODUCTION WELL: WATER/OIL RATIO
 TIME    246.73      249.73      252.73      255.73      258.73      261.73    
 VALUE  0.90960E-01 0.90961E-01 0.90968E-01 0.90981E-01 0.91002E-01 0.91031E-01
 TIME    264.73      267.73      270.73      273.73      276.73      279.73    
 VALUE  0.91070E-01 0.91121E-01 0.91185E-01 0.91264E-01 0.91360E-01 0.91477E-01
 TIME    282.73      285.73      288.73      291.73      294.73      297.42    
 VALUE  0.91615E-01 0.91778E-01 0.91970E-01 0.92194E-01 0.92454E-01 0.92719E-01

 **********************************  *****  **********************************
 *****************************  STANDARD OUTPUT  *****************************

 TIME =                                          300.000 [day]               
 TIME STEP NUMBER =                                  145
 MODEL  5 BALANCES                            1.00000000
                                              0.99999998

 *********************  OIL PRESSURES FOR FAULT BLOCK 1  *********************

 K =   1
   I  J =     1           6          11          16          25
    1     492.2       491.8       490.2       486.6       477.5    
    3     493.6       493.2       491.7       488.0       478.9    
    5     495.0       494.6       493.1       489.4       480.2    
    7     496.5       496.1       494.5       490.9       481.5    
    9     497.9       497.5       496.0       492.3       482.9    
   11     499.3       498.9       497.4       493.8       484.2    
   13     500.7       500.3       498.8       495.2       485.6    
   15     502.2       501.8       500.3       496.6       487.0    

 K =   6
   I  J =     1           6          11          16          25
    1     492.5       492.3       491.2       487.3       475.1    
    3     493.9       493.8       492.6       488.7       475.9    
    5     495.3       495.2       494.0       490.2       476.6    
    7     496.8       496.6       495.5       491.6       477.6    
    9     498.2       498.1       496.9       493.1       478.8    
   11     499.6       499.5       498.4       494.5       480.0    
   13     501.1       500.9       499.8       496.0       481.2    
   15     502.5       502.4       501.3       497.4       482.4    

 K =  11
   I  J =     1           6          11          16          25
    1     492.9       493.1       493.0       488.5       474.3    
    3     494.3       494.6       494.4       489.9       475.1    
    5     495.8       496.0       495.9       491.4       475.7    
    7     497.2       497.4       497.4       492.9       476.7    
    9     498.6       498.9       498.9       494.4       477.9    
   11     500.1       500.3       500.4       495.9       479.1    
   13     501.5       501.8       501.8       497.4       480.3    
   15     502.9       503.2       503.3       498.9       481.5    

 K =  16
   I  J =     1           6          11          16          25
    1     492.7       492.8       492.3       487.7       473.1    
    3     494.1       494.3       493.7       489.1       473.9    
    5     495.6       495.7       495.2       490.6       474.5    
    7     497.0       497.1       496.7       492.1       475.5    
    9     498.4       498.6       498.1       493.6       476.7    
   11     499.9       500.0       499.6       495.1       477.9    
   13     501.3       501.5       501.1       496.6       479.1    
   15     502.7       502.9       502.5       498.0       480.3    

 K =  25
   I  J =     1           6          11          16          25
    1     491.8       491.3       489.4       484.9       470.0    
    3     493.2       492.7       490.8       486.3       470.6    
    5     494.6       494.1       492.2       487.7       471.1    
    7     496.1       495.6       493.7       489.2       472.1    
    9     497.5       497.0       495.1       490.6       473.2    
   11     498.9       498.4       496.6       492.1       474.4    
   13     500.3       499.8       498.0       493.5       475.6    
   15     501.8       501.3       499.4       494.9       476.9    

 *********************  OIL PRESSURES FOR FAULT BLOCK 2  *********************

 K =   1
   I  J =     1           6          11          16          25
    1     473.7       461.1       451.7       445.9       442.9    
    3     475.0       462.5       453.2       447.3       444.3    
    5     476.2       464.0       454.6       448.8       445.7    
    7     477.4       465.4       456.0       450.2       447.1    
    9     478.5       466.7       457.4       451.6       448.6    
   11     479.5       468.1       458.9       453.0       450.0    
   13     480.1       469.5       460.3       454.5       451.4    
   15     480.7       471.0       461.7       455.9       452.8    

 K =   6
   I  J =     1           6          11          16          25
    1     472.5       459.9       449.4       443.8       442.2    
    3     473.8       461.4       450.8       445.2       443.6    
    5     475.0       462.8       452.2       446.6       445.0    
    7     476.2       464.2       453.7       448.0       446.4    
    9     477.3       465.6       455.1       449.5       447.9    
   11     478.3       467.0       456.5       450.9       449.3    
   13     479.1       468.4       457.9       452.3       450.7    
   15     479.9       469.8       459.4       453.7       452.2    

 K =  11
   I  J =     1           6          11          16          25
    1     471.5       457.6       441.4       437.6       441.1    
    3     472.7       459.0       442.8       439.1       442.5    
    5     473.9       460.5       444.2       440.5       444.0    
    7     475.1       461.9       445.7       441.9       445.4    
    9     476.3       463.3       447.1       443.3       446.8    
   11     477.3       464.7       448.5       444.8       448.2    
   13     478.0       466.2       450.0       446.2       449.7    
   15     478.9       467.6       451.4       447.6       451.1    

 K =  16
   I  J =     1           6          11          16          25
    1     470.0       456.7       442.8       438.7       441.0    
    3     471.3       458.2       444.2       440.1       442.4    
    5     472.5       459.6       445.7       441.5       443.9    
    7     473.7       461.0       447.1       442.9       445.3    
    9     474.8       462.4       448.5       444.4       446.7    
   11     475.8       463.8       450.0       445.8       448.1    
   13     476.5       465.2       451.4       447.2       449.6    
   15     477.4       466.7       452.8       448.6       451.0    

 K =  25
   I  J =     1           6          11          16          25
    1     463.1       456.9       449.6       444.7       442.2    
    3     464.5       458.4       451.0       446.1       443.6    
    5     465.9       459.8       452.4       447.5       445.0    
    7     467.2       461.2       453.8       449.0       446.5    
    9     468.5       462.6       455.3       450.4       447.9    
   11     469.8       464.0       456.7       451.8       449.3    
   13     471.1       465.4       458.1       453.2       450.7    
   15     472.5       466.8       459.5       454.7       452.2    

 *******************  WATER SATURATION FOR FAULT BLOCK 1  ********************

 K =   1
   I  J =     1           6          11          16          25
    1    0.2160      0.2160      0.2182      0.2218      0.2152    
    3    0.2195      0.2196      0.2219      0.2259      0.2186    
    5    0.2231      0.2232      0.2259      0.2303      0.2221    
    7    0.2270      0.2271      0.2301      0.2349      0.2259    
    9    0.2310      0.2311      0.2345      0.2398      0.2300    
   11    0.2352      0.2354      0.2392      0.2450      0.2344    
   13    0.2397      0.2399      0.2441      0.2504      0.2391    
   15    0.2445      0.2447      0.2492      0.2561      0.2440    

 K =   6
   I  J =     1           6          11          16          25
    1    0.2160      0.2222      0.2924      0.3375      0.2388    
    3    0.2195      0.2262      0.2998      0.3466      0.2438    
    5    0.2232      0.2305      0.3067      0.3543      0.2506    
    7    0.2270      0.2350      0.3133      0.3613      0.2587    
    9    0.2311      0.2398      0.3199      0.3681      0.2670    
   11    0.2353      0.2449      0.3269      0.3753      0.2755    
   13    0.2398      0.2502      0.3348      0.3837      0.2840    
   15    0.2446      0.2557      0.3440      0.3942      0.2921    

 K =  11
   I  J =     1           6          11          16          25
    1    0.2167      0.2679      0.4882      0.5554      0.3514    
    3    0.2203      0.2742      0.4994      0.5663      0.3601    
    5    0.2240      0.2804      0.5068      0.5723      0.3702    
    7    0.2280      0.2866      0.5124      0.5759      0.3811    
    9    0.2322      0.2929      0.5173      0.5789      0.3912    
   11    0.2366      0.2995      0.5227      0.5823      0.4009    
   13    0.2413      0.3069      0.5299      0.5879      0.4109    
   15    0.2462      0.3152      0.5413      0.5983      0.4219    

 K =  16
   I  J =     1           6          11          16          25
    1    0.2165      0.2591      0.4513      0.5272      0.3597    
    3    0.2201      0.2650      0.4622      0.5383      0.3687    
    5    0.2238      0.2710      0.4701      0.5449      0.3788    
    7    0.2278      0.2770      0.4762      0.5492      0.3897    
    9    0.2319      0.2831      0.4816      0.5528      0.3996    
   11    0.2363      0.2897      0.4876      0.5568      0.4090    
   13    0.2409      0.2968      0.4955      0.5631      0.4189    
   15    0.2458      0.3047      0.5069      0.5739      0.4300    

 K =  25
   I  J =     1           6          11          16          25
    1    0.2160      0.2161      0.2190      0.2262      0.2156    
    3    0.2195      0.2196      0.2228      0.2306      0.2188    
    5    0.2231      0.2233      0.2269      0.2353      0.2229    
    7    0.2270      0.2271      0.2312      0.2403      0.2279    
    9    0.2310      0.2312      0.2357      0.2456      0.2333    
   11    0.2352      0.2354      0.2404      0.2511      0.2388    
   13    0.2397      0.2399      0.2454      0.2569      0.2445    
   15    0.2445      0.2447      0.2507      0.2630      0.2501    

 *******************  WATER SATURATION FOR FAULT BLOCK 2  ********************

 K =   1
   I  J =     1           6          11          16          25
    1    0.2205      0.2189      0.2198      0.2201      0.2201    
    3    0.2245      0.2225      0.2235      0.2239      0.2239    
    5    0.2289      0.2261      0.2273      0.2278      0.2278    
    7    0.2337      0.2299      0.2313      0.2318      0.2319    
    9    0.2386      0.2339      0.2355      0.2362      0.2362    
   11    0.2433      0.2380      0.2399      0.2407      0.2408    
   13    0.2462      0.2425      0.2447      0.2456      0.2457    
   15    0.2485      0.2474      0.2498      0.2509      0.2510    

 K =   6
   I  J =     1           6          11          16          25
    1    0.2911      0.2278      0.2199      0.2201      0.2201    
    3    0.2989      0.2324      0.2236      0.2238      0.2239    
    5    0.3080      0.2376      0.2274      0.2278      0.2278    
    7    0.3176      0.2430      0.2315      0.2318      0.2319    
    9    0.3270      0.2481      0.2357      0.2362      0.2362    
   11    0.3348      0.2527      0.2402      0.2407      0.2408    
   13    0.3321      0.2570      0.2450      0.2456      0.2457    
   15    0.3197      0.2620      0.2501      0.2509      0.2510    

 K =  11
   I  J =     1           6          11          16          25
    1    0.3705      0.2686      0.2217      0.2201      0.2201    
    3    0.3797      0.2759      0.2257      0.2239      0.2239    
    5    0.3889      0.2836      0.2301      0.2278      0.2278    
    7    0.3981      0.2908      0.2346      0.2319      0.2319    
    9    0.4069      0.2967      0.2394      0.2362      0.2362    
   11    0.4144      0.3008      0.2442      0.2408      0.2408    
   13    0.4104      0.3040      0.2493      0.2457      0.2457    
   15    0.3954      0.3094      0.2548      0.2510      0.2510    

 K =  16
   I  J =     1           6          11          16          25
    1    0.3108      0.2350      0.2200      0.2201      0.2201    
    3    0.3193      0.2404      0.2237      0.2239      0.2239    
    5    0.3290      0.2467      0.2276      0.2278      0.2278    
    7    0.3388      0.2531      0.2317      0.2319      0.2319    
    9    0.3484      0.2590      0.2360      0.2362      0.2362    
   11    0.3565      0.2639      0.2405      0.2408      0.2408    
   13    0.3541      0.2681      0.2454      0.2457      0.2457    
   15    0.3423      0.2733      0.2506      0.2509      0.2510    

 K =  25
   I  J =     1           6          11          16          25
    1    0.2185      0.2193      0.2200      0.2201      0.2201    
    3    0.2221      0.2230      0.2237      0.2239      0.2239    
    5    0.2257      0.2267      0.2276      0.2278      0.2278    
    7    0.2296      0.2305      0.2316      0.2319      0.2319    
    9    0.2336      0.2346      0.2359      0.2362      0.2362    
   11    0.2378      0.2390      0.2404      0.2408      0.2408    
   13    0.2422      0.2437      0.2453      0.2457      0.2457    
   15    0.2471      0.2488      0.2505      0.2509      0.2510    

 *********************************  ******  **********************************
 *******************************  WELL RATES  ********************************

 INJECTION WELL: WATER INJECTION RATE [stb/day]
 TIME    300.00      302.84      305.84      308.84      311.84      314.84    
 VALUE   59.718      59.778      59.840      59.902      59.963      60.024    
 TIME    317.84      320.84      323.84      326.84      329.84      332.84    
 VALUE   60.084      60.144      60.203      60.261      60.319      60.376    
 TIME    335.84      338.84      341.84      344.84      347.84      350.84    
 VALUE   60.433      60.489      60.544      60.599      60.653      60.707    

 PRODUCTION WELL: OIL PRODUCTION RATE [stb/day]
 TIME    300.00      302.84      305.84      308.84      311.84      314.84    
 VALUE   58.281      58.319      58.354      58.386      58.414      58.437    
 TIME    317.84      320.84      323.84      326.84      329.84      332.84    
 VALUE   58.454      58.467      58.473      58.472      58.464      58.449    
 TIME    335.84      338.84      341.84      344.84      347.84      350.84    
 VALUE   58.426      58.395      58.354      58.305      58.246      58.177    

 PRODUCTION WELL: WATER PRODUCTION RATE [stb/day]
 TIME    300.00      302.84      305.84      308.84      311.84      314.84    
 VALUE   5.4205      5.4449      5.4735      5.5052      5.5404      5.5794    
 TIME    317.84      320.84      323.84      326.84      329.84      332.84    
 VALUE   5.6226      5.6705      5.7233      5.7816      5.8457      5.9162    
 TIME    335.84      338.84      341.84      344.84      347.84      350.84    
 VALUE   5.9934      6.0779      6.1701      6.2703      6.3790      6.4966    

 PRODUCTION WELL: WATER/OIL RATIO
 TIME    300.00      302.84      305.84      308.84      311.84      314.84    
 VALUE  0.93005E-01 0.93364E-01 0.93797E-01 0.94289E-01 0.94847E-01 0.95478E-01
 TIME    317.84      320.84      323.84      326.84      329.84      332.84    
 VALUE  0.96189E-01 0.96987E-01 0.97880E-01 0.98878E-01 0.99988E-01 0.10122    
 TIME    335.84      338.84      341.84      344.84      347.84      350.84    
 VALUE  0.10258     0.10408     0.10573     0.10754     0.10952     0.11167    

 *********************************  ******  **********************************
 *******************************  WELL RATES  ********************************

 INJECTION WELL: WATER INJECTION RATE [stb/day]
 TIME    353.84      356.84      359.84      362.84      365.84      368.84    
 VALUE   60.761      60.815      60.868      60.921      60.975      61.029    
 TIME    371.84      374.84      377.84      380.84      383.84      386.84    
 VALUE   61.084      61.139      61.195      61.252      61.310      61.370    
 TIME    389.84      392.84      395.84      398.84      401.84      404.84    
 VALUE   61.431      61.493      61.558      61.624      61.692      61.761    

 PRODUCTION WELL: OIL PRODUCTION RATE [stb/day]
 TIME    353.84      356.84      359.84      362.84      365.84      368.84    
 VALUE   58.098      58.009      57.909      57.800      57.680      57.549    
 TIME    371.84      374.84      377.84      380.84      383.84      386.84    
 VALUE   57.409      57.259      57.100      56.932      56.755      56.570    
 TIME    389.84      392.84      395.84      398.84      401.84      404.84    
 VALUE   56.378      56.179      55.974      55.763      55.546      55.325    

 PRODUCTION WELL: WATER PRODUCTION RATE [stb/day]
 TIME    353.84      356.84      359.84      362.84      365.84      368.84    
 VALUE   6.6234      6.7596      6.9055      7.0612      7.2270      7.4027    
 TIME    371.84      374.84      377.84      380.84      383.84      386.84    
 VALUE   7.5884      7.7839      7.9893      8.2041      8.4282      8.6613    
 TIME    389.84      392.84      395.84      398.84      401.84      404.84    
 VALUE   8.9029      9.1527      9.4102      9.6750      9.9466      10.225    

 PRODUCTION WELL: WATER/OIL RATIO
 TIME    353.84      356.84      359.84      362.84      365.84      368.84    
 VALUE  0.11400     0.11653     0.11925     0.12217     0.12530     0.12863    
 TIME    371.84      374.84      377.84      380.84      383.84      386.84    
 VALUE  0.13218     0.13594     0.13992     0.14410     0.14850     0.15311    
 TIME    389.84      392.84      395.84      398.84      401.84      404.84    
 VALUE  0.15791     0.16292     0.16812     0.17350     0.17907     0.18481    

 *********************************  ******  **********************************
 *******************************  WELL RATES  ********************************

 INJECTION WELL: WATER INJECTION RATE [stb/day]
 TIME    407.84      410.84      413.84      416.84      419.84      422.84    
 VALUE   61.833      61.907      61.983      62.061      62.141      62.223    
 TIME    425.84      428.84      431.84      434.84      437.84      440.84    
 VALUE   62.307      62.393      62.481      62.572      62.664      62.757    
 TIME    443.84      446.84      449.84      452.84      455.84      458.84    
 VALUE   62.853      62.950      63.049      63.150      63.252      63.356    

 PRODUCTION WELL: OIL PRODUCTION RATE [stb/day]
 TIME    407.84      410.84      413.84      416.84      419.84      422.84    
 VALUE   55.100      54.872      54.640      54.406      54.170      53.932    
 TIME    425.84      428.84      431.84      434.84      437.84      440.84    
 VALUE   53.693      53.453      53.213      52.972      52.731      52.491    
 TIME    443.84      446.84      449.84      452.84      455.84      458.84    
 VALUE   52.251      52.012      51.774      51.536      51.300      51.066    

 PRODUCTION WELL: WATER PRODUCTION RATE [stb/day]
 TIME    407.84      410.84      413.84      416.84      419.84      422.84    
 VALUE   10.508      10.797      11.092      11.390      11.693      11.999    
 TIME    425.84      428.84      431.84      434.84      437.84      440.84    
 VALUE   12.308      12.620      12.935      13.251      13.570      13.890    
 TIME    443.84      446.84      449.84      452.84      455.84      458.84    
 VALUE   14.211      14.533      14.856      15.180      15.504      15.828    

 PRODUCTION WELL: WATER/OIL RATIO
 TIME    407.84      410.84      413.84      416.84      419.84      422.84    
 VALUE  0.19071     0.19678     0.20299     0.20935     0.21585     0.22248    
 TIME    425.84      428.84      431.84      434.84      437.84      440.84    
 VALUE  0.22923     0.23610     0.24308     0.25016     0.25734     0.26462    
 TIME    443.84      446.84      449.84      452.84      455.84      458.84    
 VALUE  0.27198     0.27942     0.28695     0.29455     0.30221     0.30995    

 *********************************  ******  **********************************
 *******************************  WELL RATES  ********************************

 INJECTION WELL: WATER INJECTION RATE [stb/day]
 TIME    461.84      464.84      467.84      470.84      473.84      476.84    
 VALUE   63.461      63.567      63.675      63.784      63.894      64.005    
 TIME    479.84      482.84      485.84      488.84      491.84      494.84    
 VALUE   64.117      64.230      64.345      64.460      64.576      64.693    
 TIME    497.84      500.84      503.84      506.84      509.84      512.84    
 VALUE   64.810      64.929      65.048      65.168      65.288      65.409    

 PRODUCTION WELL: OIL PRODUCTION RATE [stb/day]
 TIME    461.84      464.84      467.84      470.84      473.84      476.84    
 VALUE   50.833      50.601      50.371      50.142      49.916      49.691    
 TIME    479.84      482.84      485.84      488.84      491.84      494.84    
 VALUE   49.468      49.247      49.028      48.811      48.595      48.382    
 TIME    497.84      500.84      503.84      506.84      509.84      512.84    
 VALUE   48.171      47.962      47.754      47.549      47.345      47.144    

 PRODUCTION WELL: WATER PRODUCTION RATE [stb/day]
 TIME    461.84      464.84      467.84      470.84      473.84      476.84    
 VALUE   16.152      16.475      16.799      17.122      17.445      17.767    
 TIME    479.84      482.84      485.84      488.84      491.84      494.84    
 VALUE   18.088      18.409      18.728      19.047      19.365      19.681    
 TIME    497.84      500.84      503.84      506.84      509.84      512.84    
 VALUE   19.997      20.311      20.624      20.936      21.247      21.556    

 PRODUCTION WELL: WATER/OIL RATIO
 TIME    461.84      464.84      467.84      470.84      473.84      476.84    
 VALUE  0.31774     0.32560     0.33351     0.34147     0.34948     0.35755    
 TIME    479.84      482.84      485.84      488.84      491.84      494.84    
 VALUE  0.36565     0.37380     0.38199     0.39022     0.39848     0.40678    
 TIME    497.84      500.84      503.84      506.84      509.84      512.84    
 VALUE  0.41512     0.42348     0.43188     0.44030     0.44876     0.45723    
 CUTTING TIME STEP TO   1.5003 AT STEP  223 & TIME    530.841

 *********************************  ******  **********************************
 *******************************  WELL RATES  ********************************

 INJECTION WELL: WATER INJECTION RATE [stb/day]
 TIME    515.84      518.84      521.84      524.84      527.84      530.84    
 VALUE   65.530      65.652      65.775      65.897      66.021      66.144    
 TIME    532.34      533.99      535.81      537.80      540.00      542.42    
 VALUE   66.206      66.275      66.350      66.433      66.525      66.625    
 TIME    545.08      548.00      551.00      554.00      557.00      560.00    
 VALUE   66.736      66.859      66.984      67.110      67.236      67.362    

 PRODUCTION WELL: OIL PRODUCTION RATE [stb/day]
 TIME    515.84      518.84      521.84      524.84      527.84      530.84    
 VALUE   46.944      46.747      46.551      46.357      46.166      45.976    
 TIME    532.34      533.99      535.81      537.80      540.00      542.42    
 VALUE   45.881      45.778      45.665      45.541      45.406      45.259    
 TIME    545.08      548.00      551.00      554.00      557.00      560.00    
 VALUE   45.098      44.923      44.746      44.570      44.395      44.223    

 PRODUCTION WELL: WATER PRODUCTION RATE [stb/day]
 TIME    515.84      518.84      521.84      524.84      527.84      530.84    
 VALUE   21.864      22.170      22.476      22.780      23.082      23.383    
 TIME    532.34      533.99      535.81      537.80      540.00      542.42    
 VALUE   23.534      23.699      23.880      24.078      24.296      24.534    
 TIME    545.08      548.00      551.00      554.00      557.00      560.00    
 VALUE   24.795      25.080      25.372      25.662      25.951      26.238    

 PRODUCTION WELL: WATER/OIL RATIO
 TIME    515.84      518.84      521.84      524.84      527.84      530.84    
 VALUE  0.46574     0.47427     0.48282     0.49139     0.49999     0.50860    
 TIME    532.34      533.99      535.81      537.80      540.00      542.42    
 VALUE  0.51293     0.51769     0.52294     0.52872     0.53508     0.54208    
 TIME    545.08      548.00      551.00      554.00      557.00      560.00    
 VALUE  0.54979     0.55829     0.56702     0.57577     0.58454     0.59331    
 CUTTING TIME STEP TO   1.5003 AT STEP  242 & TIME    580.999

 *********************************  ******  **********************************
 *******************************  WELL RATES  ********************************

 INJECTION WELL: WATER INJECTION RATE [stb/day]
 TIME    563.00      566.00      569.00      572.00      575.00      578.00    
 VALUE   67.489      67.615      67.742      67.868      67.995      68.122    
 TIME    581.00      582.50      584.15      585.96      587.96      590.16    
 VALUE   68.249      68.312      68.382      68.459      68.544      68.637    
 TIME    592.57      595.23      597.66      600.00    
 VALUE   68.740      68.852      68.955      69.054    

 PRODUCTION WELL: OIL PRODUCTION RATE [stb/day]
 TIME    563.00      566.00      569.00      572.00      575.00      578.00    
 VALUE   44.052      43.883      43.715      43.549      43.384      43.222    
 TIME    581.00      582.50      584.15      585.96      587.96      590.16    
 VALUE   43.060      42.980      42.892      42.796      42.691      42.576    
 TIME    592.57      595.23      597.66      600.00    
 VALUE   42.451      42.314      42.190      42.072    

 PRODUCTION WELL: WATER PRODUCTION RATE [stb/day]
 TIME    563.00      566.00      569.00      572.00      575.00      578.00    
 VALUE   26.524      26.808      27.091      27.373      27.653      27.932    
 TIME    581.00      582.50      584.15      585.96      587.96      590.16    
 VALUE   28.209      28.347      28.499      28.666      28.848      29.048    
 TIME    592.57      595.23      597.66      600.00    
 VALUE   29.268      29.508      29.726      29.935    

 PRODUCTION WELL: WATER/OIL RATIO
 TIME    563.00      566.00      569.00      572.00      575.00      578.00    
 VALUE  0.60210     0.61091     0.61972     0.62855     0.63739     0.64624    
 TIME    581.00      582.50      584.15      585.96      587.96      590.16    
 VALUE  0.65510     0.65955     0.66444     0.66983     0.67575     0.68227    
 TIME    592.57      595.23      597.66      600.00    
 VALUE  0.68944     0.69734     0.70457     0.71153    

 **********************************  *****  **********************************
 *****************************  STANDARD OUTPUT  *****************************

 TIME =                                          600.000 [day]               
 TIME STEP NUMBER =                                  250
 MODEL  5 BALANCES                            1.00000001
                                              0.99999995

 *********************  OIL PRESSURES FOR FAULT BLOCK 1  *********************

 K =   1
   I  J =     1           6          11          16          25
    1     492.1       491.7       490.2       486.8       478.8    
    3     493.5       493.2       491.6       488.2       480.2    
    5     495.0       494.6       493.1       489.7       481.5    
    7     496.4       496.0       494.5       491.1       482.9    
    9     497.8       497.5       496.0       492.5       484.2    
   11     499.3       498.9       497.4       494.0       485.6    
   13     500.7       500.3       498.8       495.4       487.0    
   15     502.1       501.8       500.3       496.9       488.4    

 K =   6
   I  J =     1           6          11          16          25
    1     492.4       492.1       490.8       487.0       476.2    
    3     493.8       493.5       492.2       488.4       477.1    
    5     495.2       495.0       493.6       489.9       477.9    
    7     496.7       496.4       495.1       491.3       479.0    
    9     498.1       497.9       496.5       492.8       480.2    
   11     499.5       499.3       498.0       494.2       481.4    
   13     501.0       500.7       499.4       495.7       482.7    
   15     502.4       502.2       500.9       497.1       484.0    

 K =  11
   I  J =     1           6          11          16          25
    1     492.7       492.7       492.2       487.6       474.8    
    3     494.2       494.1       493.7       489.1       475.6    
    5     495.6       495.5       495.1       490.6       476.4    
    7     497.0       497.0       496.6       492.1       477.5    
    9     498.5       498.4       498.1       493.6       478.7    
   11     499.9       499.9       499.5       495.1       479.9    
   13     501.3       501.3       501.0       496.6       481.2    
   15     502.8       502.7       502.5       498.0       482.5    

 K =  16
   I  J =     1           6          11          16          25
    1     492.5       492.4       491.5       486.9       473.6    
    3     494.0       493.8       493.0       488.3       474.5    
    5     495.4       495.3       494.4       489.8       475.3    
    7     496.8       496.7       495.9       491.3       476.3    
    9     498.3       498.2       497.4       492.8       477.5    
   11     499.7       499.6       498.9       494.3       478.8    
   13     501.1       501.0       500.3       495.8       480.0    
   15     502.6       502.5       501.8       497.2       481.3    

 K =  25
   I  J =     1           6          11          16          25
    1     491.7       491.2       489.4       485.1       472.1    
    3     493.2       492.7       490.8       486.5       472.8    
    5     494.6       494.1       492.2       488.0       473.4    
    7     496.0       495.5       493.7       489.4       474.4    
    9     497.4       497.0       495.1       490.9       475.6    
   11     498.9       498.4       496.6       492.3       476.8    
   13     500.3       499.8       498.0       493.8       478.1    
   15     501.7       501.3       499.4       495.2       479.4    

 *********************  OIL PRESSURES FOR FAULT BLOCK 2  *********************

 K =   1
   I  J =     1           6          11          16          25
    1     475.6       464.4       455.8       450.2       447.2    
    3     476.9       465.9       457.2       451.6       448.6    
    5     478.1       467.3       458.6       453.0       450.0    
    7     479.4       468.7       460.1       454.5       451.5    
    9     480.6       470.1       461.5       455.9       452.9    
   11     481.6       471.5       462.9       457.3       454.3    
   13     482.3       472.9       464.4       458.8       455.7    
   15     483.0       474.4       465.8       460.2       457.2    

 K =   6
   I  J =     1           6          11          16          25
    1     473.9       463.0       453.4       448.1       446.5    
    3     475.2       464.5       454.9       449.5       447.9    
    5     476.4       465.9       456.3       450.9       449.3    
    7     477.6       467.3       457.8       452.4       450.8    
    9     478.8       468.8       459.2       453.8       452.2    
   11     479.9       470.2       460.6       455.2       453.6    
   13     480.7       471.6       462.1       456.7       455.0    
   15     481.7       473.1       463.5       458.1       456.5    

 K =  11
   I  J =     1           6          11          16          25
    1     472.4       460.4       445.2       441.9       445.4    
    3     473.7       461.9       446.6       443.3       446.8    
    5     475.0       463.3       448.0       444.7       448.3    
    7     476.2       464.7       449.5       446.2       449.7    
    9     477.4       466.2       451.0       447.6       451.1    
   11     478.5       467.6       452.4       449.0       452.5    
   13     479.3       469.1       453.9       450.5       454.0    
   15     480.3       470.5       455.3       451.9       455.4    

 K =  16
   I  J =     1           6          11          16          25
    1     471.5       459.9       446.8       442.9       445.3    
    3     472.8       461.4       448.3       444.4       446.8    
    5     474.0       462.8       449.7       445.8       448.2    
    7     475.2       464.2       451.2       447.2       449.6    
    9     476.4       465.7       452.6       448.7       451.0    
   11     477.5       467.1       454.1       450.1       452.5    
   13     478.3       468.5       455.5       451.5       453.9    
   15     479.3       470.0       457.0       453.0       455.3    

 K =  25
   I  J =     1           6          11          16          25
    1     466.5       460.8       453.8       449.0       446.5    
    3     467.9       462.3       455.2       450.4       447.9    
    5     469.2       463.7       456.6       451.9       449.4    
    7     470.6       465.1       458.1       453.3       450.8    
    9     472.0       466.5       459.5       454.7       452.2    
   11     473.3       468.0       460.9       456.1       453.6    
   13     474.6       469.4       462.4       457.6       455.1    
   15     476.0       470.8       463.8       459.0       456.5    

 *******************  WATER SATURATION FOR FAULT BLOCK 1  ********************

 K =   1
   I  J =     1           6          11          16          25
    1    0.2163      0.2213      0.2464      0.2698      0.2409    
    3    0.2199      0.2252      0.2518      0.2764      0.2461    
    5    0.2236      0.2295      0.2575      0.2834      0.2520    
    7    0.2275      0.2340      0.2636      0.2905      0.2588    
    9    0.2316      0.2387      0.2700      0.2980      0.2662    
   11    0.2360      0.2437      0.2767      0.3058      0.2740    
   13    0.2405      0.2490      0.2838      0.3142      0.2821    
   15    0.2454      0.2544      0.2914      0.3232      0.2903    

 K =   6
   I  J =     1           6          11          16          25
    1    0.2204      0.2552      0.3475      0.3982      0.3306    
    3    0.2242      0.2610      0.3573      0.4094      0.3387    
    5    0.2284      0.2672      0.3663      0.4192      0.3481    
    7    0.2328      0.2736      0.3748      0.4281      0.3584    
    9    0.2375      0.2804      0.3833      0.4367      0.3685    
   11    0.2424      0.2875      0.3922      0.4458      0.3787    
   13    0.2476      0.2951      0.4022      0.4561      0.3894    
   15    0.2530      0.3032      0.4137      0.4687      0.4009    

 K =  11
   I  J =     1           6          11          16          25
    1    0.2331      0.3184      0.5375      0.6192      0.4598    
    3    0.2377      0.3272      0.5500      0.6311      0.4705    
    5    0.2427      0.3356      0.5589      0.6377      0.4818    
    7    0.2481      0.3438      0.5659      0.6418      0.4933    
    9    0.2539      0.3521      0.5722      0.6451      0.5036    
   11    0.2599      0.3608      0.5790      0.6489      0.5135    
   13    0.2663      0.3704      0.5876      0.6547      0.5243    
   15    0.2729      0.3812      0.6000      0.6655      0.5371    

 K =  16
   I  J =     1           6          11          16          25
    1    0.2313      0.3097      0.5028      0.5918      0.4744    
    3    0.2358      0.3182      0.5153      0.6041      0.4852    
    5    0.2407      0.3264      0.5247      0.6117      0.4965    
    7    0.2460      0.3345      0.5324      0.6167      0.5076    
    9    0.2516      0.3427      0.5394      0.6209      0.5174    
   11    0.2576      0.3513      0.5470      0.6256      0.5268    
   13    0.2638      0.3607      0.5562      0.6324      0.5370    
   15    0.2702      0.3713      0.5690      0.6439      0.5498    

 K =  25
   I  J =     1           6          11          16          25
    1    0.2164      0.2221      0.2508      0.2820      0.2932    
    3    0.2199      0.2261      0.2563      0.2893      0.3000    
    5    0.2237      0.2303      0.2623      0.2966      0.3086    
    7    0.2276      0.2349      0.2685      0.3040      0.3182    
    9    0.2317      0.2397      0.2750      0.3117      0.3278    
   11    0.2361      0.2448      0.2819      0.3197      0.3373    
   13    0.2407      0.2501      0.2892      0.3283      0.3471    
   15    0.2455      0.2557      0.2970      0.3378      0.3575    

 *******************  WATER SATURATION FOR FAULT BLOCK 2  ********************

 K =   1
   I  J =     1           6          11          16          25
    1    0.2757      0.2660      0.2343      0.2205      0.2201    
    3    0.2827      0.2726      0.2392      0.2243      0.2238    
    5    0.2903      0.2794      0.2449      0.2283      0.2277    
    7    0.2982      0.2864      0.2510      0.2326      0.2319    
    9    0.3063      0.2934      0.2574      0.2372      0.2362    
   11    0.3141      0.3005      0.2641      0.2420      0.2408    
   13    0.3204      0.3080      0.2711      0.2472      0.2458    
   15    0.3272      0.3165      0.2783      0.2526      0.2510    

 K =   6
   I  J =     1           6          11          16          25
    1    0.4048      0.3542      0.2862      0.2254      0.2201    
    3    0.4153      0.3641      0.2939      0.2297      0.2238    
    5    0.4256      0.3729      0.3016      0.2343      0.2277    
    7    0.4357      0.3807      0.3092      0.2393      0.2319    
    9    0.4457      0.3879      0.3167      0.2446      0.2362    
   11    0.4550      0.3949      0.3246      0.2502      0.2408    
   13    0.4573      0.4027      0.3331      0.2561      0.2458    
   15    0.4553      0.4130      0.3427      0.2622      0.2510    

 K =  11
   I  J =     1           6          11          16          25
    1    0.4882      0.4329      0.3685      0.2263      0.2200    
    3    0.4994      0.4445      0.3789      0.2306      0.2238    
    5    0.5093      0.4538      0.3879      0.2351      0.2277    
    7    0.5185      0.4613      0.3957      0.2399      0.2319    
    9    0.5273      0.4678      0.4030      0.2449      0.2362    
   11    0.5357      0.4738      0.4106      0.2503      0.2408    
   13    0.5369      0.4808      0.4194      0.2559      0.2458    
   15    0.5326      0.4917      0.4307      0.2619      0.2510    

 K =  16
   I  J =     1           6          11          16          25
    1    0.4381      0.3972      0.3270      0.2234      0.2200    
    3    0.4491      0.4083      0.3362      0.2274      0.2238    
    5    0.4594      0.4176      0.3447      0.2317      0.2277    
    7    0.4692      0.4257      0.3528      0.2363      0.2319    
    9    0.4788      0.4331      0.3605      0.2411      0.2362    
   11    0.4881      0.4402      0.3686      0.2462      0.2408    
   13    0.4918      0.4483      0.3775      0.2516      0.2458    
   15    0.4928      0.4594      0.3883      0.2573      0.2510    

 K =  25
   I  J =     1           6          11          16          25
    1    0.2715      0.2421      0.2221      0.2199      0.2201    
    3    0.2783      0.2476      0.2261      0.2237      0.2238    
    5    0.2854      0.2536      0.2305      0.2276      0.2277    
    7    0.2924      0.2599      0.2352      0.2317      0.2319    
    9    0.2990      0.2663      0.2402      0.2361      0.2362    
   11    0.3050      0.2729      0.2455      0.2407      0.2408    
   13    0.3105      0.2799      0.2510      0.2456      0.2458    
   15    0.3175      0.2872      0.2568      0.2508      0.2510    

 **********************************  *****  **********************************
 ************************  TIMER RESULTS IN SECONDS  *************************

          TIMER                         AVERAGE    MINIMUM    MAXIMUM

 TOTAL TIME                            2318.809   2318.772   2318.839
 I/O COMMUNICATION                        0.026      0.013      0.030
 LINEAR SOLVER COMMUNICATION            535.885    374.498    733.885
 TOTAL INITIALIZATION TIME                0.206      0.205      0.207
 TOTAL LINEAR SOLVER TIME              2288.494   2287.947   2289.092
 TOTAL WELL MANAGEMENT TIME               0.070      0.044      0.153
 INTRA BLOCK TOTAL TIME                 178.867      2.438    313.094
 PROPERTIES AND ACCUMULATION              4.652      4.553      4.767
 TRANSMISSABILITY TERMS                  11.620     11.053     12.055
 PROPERTY COMMUNICATION                   8.633      7.858      9.162
 WELL COMMUNICATION                       0.072      0.028      0.250
